{
  "stats": {
    "suites": 2,
    "tests": 23,
    "passes": 20,
    "pending": 0,
    "failures": 3,
    "start": "2022-08-27T10:57:35.090Z",
    "end": "2022-08-27T10:57:37.976Z",
    "duration": 2886,
    "testsRegistered": 23,
    "passPercent": 86.95652173913044,
    "pendingPercent": 0,
    "other": 0,
    "hasOther": false,
    "skipped": 0,
    "hasSkipped": false
  },
  "results": [
    {
      "uuid": "ab7bbf18-0273-4074-a497-1f991b523b97",
      "title": "",
      "fullFile": "",
      "file": "",
      "beforeHooks": [],
      "afterHooks": [],
      "tests": [],
      "suites": [
        {
          "uuid": "a28d596f-2ef0-4b70-9516-54987ec1004c",
          "title": "Triangle Calculator POST endpoint test",
          "fullFile": "/Users/owner/WithSecure/TriangleCalculatorTest/test/triangle.test.js",
          "file": "/test/triangle.test.js",
          "beforeHooks": [],
          "afterHooks": [],
          "tests": [
            {
              "title": "Validate equilateral triangle status",
              "fullTitle": "Triangle Calculator POST endpoint test Validate equilateral triangle status",
              "timedOut": false,
              "duration": 198,
              "state": "passed",
              "speed": "slow",
              "pass": true,
              "fail": false,
              "pending": false,
              "context": null,
              "code": "var self = this,\n    args = arguments;\nreturn new Promise(function (resolve, reject) {\n  var gen = fn.apply(self, args);\n  function _next(value) {\n    asyncGeneratorStep(gen, resolve, reject, _next, _throw, \"next\", value);\n  }\n  function _throw(err) {\n    asyncGeneratorStep(gen, resolve, reject, _next, _throw, \"throw\", err);\n  }\n  _next(undefined);\n});",
              "err": {},
              "uuid": "ff7ab425-dfde-4109-84e4-b6d60dbac907",
              "parentUUID": "a28d596f-2ef0-4b70-9516-54987ec1004c",
              "isHook": false,
              "skipped": false
            },
            {
              "title": "Validate isosceles triangle status",
              "fullTitle": "Triangle Calculator POST endpoint test Validate isosceles triangle status",
              "timedOut": false,
              "duration": 126,
              "state": "failed",
              "speed": null,
              "pass": false,
              "fail": true,
              "pending": false,
              "context": null,
              "code": "var self = this,\n    args = arguments;\nreturn new Promise(function (resolve, reject) {\n  var gen = fn.apply(self, args);\n  function _next(value) {\n    asyncGeneratorStep(gen, resolve, reject, _next, _throw, \"next\", value);\n  }\n  function _throw(err) {\n    asyncGeneratorStep(gen, resolve, reject, _next, _throw, \"throw\", err);\n  }\n  _next(undefined);\n});",
              "err": {
                "message": "AssertionError: expected 201 to equal 200",
                "estack": "AssertionError: expected 201 to equal 200\n    at _callee2$ (test/triangle.test.js:20:38)\n    at tryCatch (node_modules/@babel/runtime/helpers/regeneratorRuntime.js:86:17)\n    at Generator._invoke (node_modules/@babel/runtime/helpers/regeneratorRuntime.js:66:24)\n    at Generator.next (node_modules/@babel/runtime/helpers/regeneratorRuntime.js:117:21)\n    at asyncGeneratorStep (node_modules/@babel/runtime/helpers/asyncToGenerator.js:3:24)\n    at _next (node_modules/@babel/runtime/helpers/asyncToGenerator.js:25:9)\n    at processTicksAndRejections (node:internal/process/task_queues:96:5)",
                "diff": "- 201\n+ 200\n"
              },
              "uuid": "93c976ae-bf48-4892-936c-507b098a58b7",
              "parentUUID": "a28d596f-2ef0-4b70-9516-54987ec1004c",
              "isHook": false,
              "skipped": false
            },
            {
              "title": "Validate versatile triangle status",
              "fullTitle": "Triangle Calculator POST endpoint test Validate versatile triangle status",
              "timedOut": false,
              "duration": 136,
              "state": "passed",
              "speed": "slow",
              "pass": true,
              "fail": false,
              "pending": false,
              "context": null,
              "code": "var self = this,\n    args = arguments;\nreturn new Promise(function (resolve, reject) {\n  var gen = fn.apply(self, args);\n  function _next(value) {\n    asyncGeneratorStep(gen, resolve, reject, _next, _throw, \"next\", value);\n  }\n  function _throw(err) {\n    asyncGeneratorStep(gen, resolve, reject, _next, _throw, \"throw\", err);\n  }\n  _next(undefined);\n});",
              "err": {},
              "uuid": "cb28b3b1-174f-4db5-b79f-bde1fbeac244",
              "parentUUID": "a28d596f-2ef0-4b70-9516-54987ec1004c",
              "isHook": false,
              "skipped": false
            },
            {
              "title": "Validate equilateral triangle type identification result",
              "fullTitle": "Triangle Calculator POST endpoint test Validate equilateral triangle type identification result",
              "timedOut": false,
              "duration": 118,
              "state": "passed",
              "speed": "slow",
              "pass": true,
              "fail": false,
              "pending": false,
              "context": null,
              "code": "var self = this,\n    args = arguments;\nreturn new Promise(function (resolve, reject) {\n  var gen = fn.apply(self, args);\n  function _next(value) {\n    asyncGeneratorStep(gen, resolve, reject, _next, _throw, \"next\", value);\n  }\n  function _throw(err) {\n    asyncGeneratorStep(gen, resolve, reject, _next, _throw, \"throw\", err);\n  }\n  _next(undefined);\n});",
              "err": {},
              "uuid": "aa80f52a-dad3-4f38-ac26-57965951c181",
              "parentUUID": "a28d596f-2ef0-4b70-9516-54987ec1004c",
              "isHook": false,
              "skipped": false
            },
            {
              "title": "Validate isosceles triangle type identification result",
              "fullTitle": "Triangle Calculator POST endpoint test Validate isosceles triangle type identification result",
              "timedOut": false,
              "duration": 122,
              "state": "passed",
              "speed": "slow",
              "pass": true,
              "fail": false,
              "pending": false,
              "context": null,
              "code": "var self = this,\n    args = arguments;\nreturn new Promise(function (resolve, reject) {\n  var gen = fn.apply(self, args);\n  function _next(value) {\n    asyncGeneratorStep(gen, resolve, reject, _next, _throw, \"next\", value);\n  }\n  function _throw(err) {\n    asyncGeneratorStep(gen, resolve, reject, _next, _throw, \"throw\", err);\n  }\n  _next(undefined);\n});",
              "err": {},
              "uuid": "f5a704e8-dcc3-4af8-bd38-d5f02190a343",
              "parentUUID": "a28d596f-2ef0-4b70-9516-54987ec1004c",
              "isHook": false,
              "skipped": false
            },
            {
              "title": "Validate versatile triangle type identification result",
              "fullTitle": "Triangle Calculator POST endpoint test Validate versatile triangle type identification result",
              "timedOut": false,
              "duration": 109,
              "state": "passed",
              "speed": "slow",
              "pass": true,
              "fail": false,
              "pending": false,
              "context": null,
              "code": "var self = this,\n    args = arguments;\nreturn new Promise(function (resolve, reject) {\n  var gen = fn.apply(self, args);\n  function _next(value) {\n    asyncGeneratorStep(gen, resolve, reject, _next, _throw, \"next\", value);\n  }\n  function _throw(err) {\n    asyncGeneratorStep(gen, resolve, reject, _next, _throw, \"throw\", err);\n  }\n  _next(undefined);\n});",
              "err": {},
              "uuid": "d8895153-c036-4c41-97a2-8bae9bfd3b9b",
              "parentUUID": "a28d596f-2ef0-4b70-9516-54987ec1004c",
              "isHook": false,
              "skipped": false
            },
            {
              "title": "Validate response when sum of any 2 sides less than the 3rd",
              "fullTitle": "Triangle Calculator POST endpoint test Validate response when sum of any 2 sides less than the 3rd",
              "timedOut": false,
              "duration": 108,
              "state": "passed",
              "speed": "slow",
              "pass": true,
              "fail": false,
              "pending": false,
              "context": null,
              "code": "var self = this,\n    args = arguments;\nreturn new Promise(function (resolve, reject) {\n  var gen = fn.apply(self, args);\n  function _next(value) {\n    asyncGeneratorStep(gen, resolve, reject, _next, _throw, \"next\", value);\n  }\n  function _throw(err) {\n    asyncGeneratorStep(gen, resolve, reject, _next, _throw, \"throw\", err);\n  }\n  _next(undefined);\n});",
              "err": {},
              "uuid": "da0a7e7d-dd34-4ccf-a10c-57b037ea8ae8",
              "parentUUID": "a28d596f-2ef0-4b70-9516-54987ec1004c",
              "isHook": false,
              "skipped": false
            },
            {
              "title": "Validate POST method by passing special charactors as parameters",
              "fullTitle": "Triangle Calculator POST endpoint test Validate POST method by passing special charactors as parameters",
              "timedOut": false,
              "duration": 113,
              "state": "passed",
              "speed": "slow",
              "pass": true,
              "fail": false,
              "pending": false,
              "context": null,
              "code": "var self = this,\n    args = arguments;\nreturn new Promise(function (resolve, reject) {\n  var gen = fn.apply(self, args);\n  function _next(value) {\n    asyncGeneratorStep(gen, resolve, reject, _next, _throw, \"next\", value);\n  }\n  function _throw(err) {\n    asyncGeneratorStep(gen, resolve, reject, _next, _throw, \"throw\", err);\n  }\n  _next(undefined);\n});",
              "err": {},
              "uuid": "14cadcc0-2c7c-4358-a9ad-6d60c481bc0d",
              "parentUUID": "a28d596f-2ef0-4b70-9516-54987ec1004c",
              "isHook": false,
              "skipped": false
            },
            {
              "title": "Validate POST method by passing string values as parameters",
              "fullTitle": "Triangle Calculator POST endpoint test Validate POST method by passing string values as parameters",
              "timedOut": false,
              "duration": 115,
              "state": "passed",
              "speed": "slow",
              "pass": true,
              "fail": false,
              "pending": false,
              "context": null,
              "code": "var self = this,\n    args = arguments;\nreturn new Promise(function (resolve, reject) {\n  var gen = fn.apply(self, args);\n  function _next(value) {\n    asyncGeneratorStep(gen, resolve, reject, _next, _throw, \"next\", value);\n  }\n  function _throw(err) {\n    asyncGeneratorStep(gen, resolve, reject, _next, _throw, \"throw\", err);\n  }\n  _next(undefined);\n});",
              "err": {},
              "uuid": "3d9a0d86-9aea-4dcf-8ed3-dfff8fa13e52",
              "parentUUID": "a28d596f-2ef0-4b70-9516-54987ec1004c",
              "isHook": false,
              "skipped": false
            },
            {
              "title": "Validate POST method by passing negative values as parameters",
              "fullTitle": "Triangle Calculator POST endpoint test Validate POST method by passing negative values as parameters",
              "timedOut": false,
              "duration": 115,
              "state": "passed",
              "speed": "slow",
              "pass": true,
              "fail": false,
              "pending": false,
              "context": null,
              "code": "var self = this,\n    args = arguments;\nreturn new Promise(function (resolve, reject) {\n  var gen = fn.apply(self, args);\n  function _next(value) {\n    asyncGeneratorStep(gen, resolve, reject, _next, _throw, \"next\", value);\n  }\n  function _throw(err) {\n    asyncGeneratorStep(gen, resolve, reject, _next, _throw, \"throw\", err);\n  }\n  _next(undefined);\n});",
              "err": {},
              "uuid": "cd73b383-5399-42a8-8c6c-e4b2170be29b",
              "parentUUID": "a28d596f-2ef0-4b70-9516-54987ec1004c",
              "isHook": false,
              "skipped": false
            },
            {
              "title": "Validate POST method by passing only two sides",
              "fullTitle": "Triangle Calculator POST endpoint test Validate POST method by passing only two sides",
              "timedOut": false,
              "duration": 109,
              "state": "passed",
              "speed": "slow",
              "pass": true,
              "fail": false,
              "pending": false,
              "context": null,
              "code": "var self = this,\n    args = arguments;\nreturn new Promise(function (resolve, reject) {\n  var gen = fn.apply(self, args);\n  function _next(value) {\n    asyncGeneratorStep(gen, resolve, reject, _next, _throw, \"next\", value);\n  }\n  function _throw(err) {\n    asyncGeneratorStep(gen, resolve, reject, _next, _throw, \"throw\", err);\n  }\n  _next(undefined);\n});",
              "err": {},
              "uuid": "ea1688de-d4c3-47c4-97cc-f6936bae5b4c",
              "parentUUID": "a28d596f-2ef0-4b70-9516-54987ec1004c",
              "isHook": false,
              "skipped": false
            },
            {
              "title": "Validate POST method by passing empty payload",
              "fullTitle": "Triangle Calculator POST endpoint test Validate POST method by passing empty payload",
              "timedOut": false,
              "duration": 111,
              "state": "passed",
              "speed": "slow",
              "pass": true,
              "fail": false,
              "pending": false,
              "context": null,
              "code": "var self = this,\n    args = arguments;\nreturn new Promise(function (resolve, reject) {\n  var gen = fn.apply(self, args);\n  function _next(value) {\n    asyncGeneratorStep(gen, resolve, reject, _next, _throw, \"next\", value);\n  }\n  function _throw(err) {\n    asyncGeneratorStep(gen, resolve, reject, _next, _throw, \"throw\", err);\n  }\n  _next(undefined);\n});",
              "err": {},
              "uuid": "3917ff79-f8f1-4ad1-8261-5fed31062382",
              "parentUUID": "a28d596f-2ef0-4b70-9516-54987ec1004c",
              "isHook": false,
              "skipped": false
            },
            {
              "title": "Validate POST method by passing different attributes",
              "fullTitle": "Triangle Calculator POST endpoint test Validate POST method by passing different attributes",
              "timedOut": false,
              "duration": 144,
              "state": "passed",
              "speed": "slow",
              "pass": true,
              "fail": false,
              "pending": false,
              "context": null,
              "code": "var self = this,\n    args = arguments;\nreturn new Promise(function (resolve, reject) {\n  var gen = fn.apply(self, args);\n  function _next(value) {\n    asyncGeneratorStep(gen, resolve, reject, _next, _throw, \"next\", value);\n  }\n  function _throw(err) {\n    asyncGeneratorStep(gen, resolve, reject, _next, _throw, \"throw\", err);\n  }\n  _next(undefined);\n});",
              "err": {},
              "uuid": "5b14ac07-ef3e-4570-9b75-c9f7fd531cbb",
              "parentUUID": "a28d596f-2ef0-4b70-9516-54987ec1004c",
              "isHook": false,
              "skipped": false
            },
            {
              "title": "Validate triangle type identification using GET method",
              "fullTitle": "Triangle Calculator POST endpoint test Validate triangle type identification using GET method",
              "timedOut": false,
              "duration": 126,
              "state": "passed",
              "speed": "slow",
              "pass": true,
              "fail": false,
              "pending": false,
              "context": null,
              "code": "var self = this,\n    args = arguments;\nreturn new Promise(function (resolve, reject) {\n  var gen = fn.apply(self, args);\n  function _next(value) {\n    asyncGeneratorStep(gen, resolve, reject, _next, _throw, \"next\", value);\n  }\n  function _throw(err) {\n    asyncGeneratorStep(gen, resolve, reject, _next, _throw, \"throw\", err);\n  }\n  _next(undefined);\n});",
              "err": {},
              "uuid": "149175f7-253e-4567-b38c-f5318e3bad6b",
              "parentUUID": "a28d596f-2ef0-4b70-9516-54987ec1004c",
              "isHook": false,
              "skipped": false
            },
            {
              "title": "Validate triangle type by passing large value",
              "fullTitle": "Triangle Calculator POST endpoint test Validate triangle type by passing large value",
              "timedOut": false,
              "duration": 118,
              "state": "passed",
              "speed": "slow",
              "pass": true,
              "fail": false,
              "pending": false,
              "context": null,
              "code": "var self = this,\n    args = arguments;\nreturn new Promise(function (resolve, reject) {\n  var gen = fn.apply(self, args);\n  function _next(value) {\n    asyncGeneratorStep(gen, resolve, reject, _next, _throw, \"next\", value);\n  }\n  function _throw(err) {\n    asyncGeneratorStep(gen, resolve, reject, _next, _throw, \"throw\", err);\n  }\n  _next(undefined);\n});",
              "err": {},
              "uuid": "7af8a478-7285-4958-840f-770503b13cbf",
              "parentUUID": "a28d596f-2ef0-4b70-9516-54987ec1004c",
              "isHook": false,
              "skipped": false
            },
            {
              "title": "Validate triangle type by passing float value",
              "fullTitle": "Triangle Calculator POST endpoint test Validate triangle type by passing float value",
              "timedOut": false,
              "duration": 116,
              "state": "passed",
              "speed": "slow",
              "pass": true,
              "fail": false,
              "pending": false,
              "context": null,
              "code": "var self = this,\n    args = arguments;\nreturn new Promise(function (resolve, reject) {\n  var gen = fn.apply(self, args);\n  function _next(value) {\n    asyncGeneratorStep(gen, resolve, reject, _next, _throw, \"next\", value);\n  }\n  function _throw(err) {\n    asyncGeneratorStep(gen, resolve, reject, _next, _throw, \"throw\", err);\n  }\n  _next(undefined);\n});",
              "err": {},
              "uuid": "45191036-020f-4ea2-88f4-939c83616217",
              "parentUUID": "a28d596f-2ef0-4b70-9516-54987ec1004c",
              "isHook": false,
              "skipped": false
            },
            {
              "title": "Validate triangle type without sending the payload",
              "fullTitle": "Triangle Calculator POST endpoint test Validate triangle type without sending the payload",
              "timedOut": false,
              "duration": 116,
              "state": "passed",
              "speed": "slow",
              "pass": true,
              "fail": false,
              "pending": false,
              "context": null,
              "code": "var self = this,\n    args = arguments;\nreturn new Promise(function (resolve, reject) {\n  var gen = fn.apply(self, args);\n  function _next(value) {\n    asyncGeneratorStep(gen, resolve, reject, _next, _throw, \"next\", value);\n  }\n  function _throw(err) {\n    asyncGeneratorStep(gen, resolve, reject, _next, _throw, \"throw\", err);\n  }\n  _next(undefined);\n});",
              "err": {},
              "uuid": "289ba46c-c267-44f7-b58e-041681e30bc8",
              "parentUUID": "a28d596f-2ef0-4b70-9516-54987ec1004c",
              "isHook": false,
              "skipped": false
            }
          ],
          "suites": [],
          "passes": [
            "ff7ab425-dfde-4109-84e4-b6d60dbac907",
            "cb28b3b1-174f-4db5-b79f-bde1fbeac244",
            "aa80f52a-dad3-4f38-ac26-57965951c181",
            "f5a704e8-dcc3-4af8-bd38-d5f02190a343",
            "d8895153-c036-4c41-97a2-8bae9bfd3b9b",
            "da0a7e7d-dd34-4ccf-a10c-57b037ea8ae8",
            "14cadcc0-2c7c-4358-a9ad-6d60c481bc0d",
            "3d9a0d86-9aea-4dcf-8ed3-dfff8fa13e52",
            "cd73b383-5399-42a8-8c6c-e4b2170be29b",
            "ea1688de-d4c3-47c4-97cc-f6936bae5b4c",
            "3917ff79-f8f1-4ad1-8261-5fed31062382",
            "5b14ac07-ef3e-4570-9b75-c9f7fd531cbb",
            "149175f7-253e-4567-b38c-f5318e3bad6b",
            "7af8a478-7285-4958-840f-770503b13cbf",
            "45191036-020f-4ea2-88f4-939c83616217",
            "289ba46c-c267-44f7-b58e-041681e30bc8"
          ],
          "failures": [
            "93c976ae-bf48-4892-936c-507b098a58b7"
          ],
          "pending": [],
          "skipped": [],
          "duration": 2100,
          "root": false,
          "rootEmpty": false,
          "_timeout": 5000
        },
        {
          "uuid": "dea06adf-43f8-4d75-88e7-22fe9bcb75e3",
          "title": "Triangle Calculator GET/version endpoint test",
          "fullFile": "/Users/owner/WithSecure/TriangleCalculatorTest/test/version.test.js",
          "file": "/test/version.test.js",
          "beforeHooks": [],
          "afterHooks": [],
          "tests": [
            {
              "title": "Validate status code of the GET/version endpoint",
              "fullTitle": "Triangle Calculator GET/version endpoint test Validate status code of the GET/version endpoint",
              "timedOut": false,
              "duration": 167,
              "state": "failed",
              "speed": null,
              "pass": false,
              "fail": true,
              "pending": false,
              "context": null,
              "code": "var self = this,\n    args = arguments;\nreturn new Promise(function (resolve, reject) {\n  var gen = fn.apply(self, args);\n  function _next(value) {\n    asyncGeneratorStep(gen, resolve, reject, _next, _throw, \"next\", value);\n  }\n  function _throw(err) {\n    asyncGeneratorStep(gen, resolve, reject, _next, _throw, \"throw\", err);\n  }\n  _next(undefined);\n});",
              "err": {
                "message": "AssertionError: expected 400 to equal 200",
                "estack": "AssertionError: expected 400 to equal 200\n    at _callee$ (test/version.test.js:10:38)\n    at tryCatch (node_modules/@babel/runtime/helpers/regeneratorRuntime.js:86:17)\n    at Generator._invoke (node_modules/@babel/runtime/helpers/regeneratorRuntime.js:66:24)\n    at Generator.next (node_modules/@babel/runtime/helpers/regeneratorRuntime.js:117:21)\n    at asyncGeneratorStep (node_modules/@babel/runtime/helpers/asyncToGenerator.js:3:24)\n    at _next (node_modules/@babel/runtime/helpers/asyncToGenerator.js:25:9)\n    at processTicksAndRejections (node:internal/process/task_queues:96:5)",
                "diff": "- 400\n+ 200\n"
              },
              "uuid": "05fd2295-fc21-4bf2-977a-dc8c233e2b00",
              "parentUUID": "dea06adf-43f8-4d75-88e7-22fe9bcb75e3",
              "isHook": false,
              "skipped": false
            },
            {
              "title": "Validate response message of the GET/version endpoint",
              "fullTitle": "Triangle Calculator GET/version endpoint test Validate response message of the GET/version endpoint",
              "timedOut": false,
              "duration": 110,
              "state": "failed",
              "speed": null,
              "pass": false,
              "fail": true,
              "pending": false,
              "context": null,
              "code": "var self = this,\n    args = arguments;\nreturn new Promise(function (resolve, reject) {\n  var gen = fn.apply(self, args);\n  function _next(value) {\n    asyncGeneratorStep(gen, resolve, reject, _next, _throw, \"next\", value);\n  }\n  function _throw(err) {\n    asyncGeneratorStep(gen, resolve, reject, _next, _throw, \"throw\", err);\n  }\n  _next(undefined);\n});",
              "err": {
                "message": "AssertionError: expected '{\"message\":\"Oops, something went wron…' to equal '0.0.2'",
                "estack": "AssertionError: expected '{\"message\":\"Oops, something went wron…' to equal '0.0.2'\n    at _callee2$ (test/version.test.js:15:32)\n    at tryCatch (node_modules/@babel/runtime/helpers/regeneratorRuntime.js:86:17)\n    at Generator._invoke (node_modules/@babel/runtime/helpers/regeneratorRuntime.js:66:24)\n    at Generator.next (node_modules/@babel/runtime/helpers/regeneratorRuntime.js:117:21)\n    at asyncGeneratorStep (node_modules/@babel/runtime/helpers/asyncToGenerator.js:3:24)\n    at _next (node_modules/@babel/runtime/helpers/asyncToGenerator.js:25:9)\n    at processTicksAndRejections (node:internal/process/task_queues:96:5)",
                "diff": "- {\"message\":\"Oops, something went wrong\"}\n+ 0.0.2\n"
              },
              "uuid": "a804abb4-25cb-40b3-974f-2d340f7d66fc",
              "parentUUID": "dea06adf-43f8-4d75-88e7-22fe9bcb75e3",
              "isHook": false,
              "skipped": false
            },
            {
              "title": "Validate data type of the GET/version response",
              "fullTitle": "Triangle Calculator GET/version endpoint test Validate data type of the GET/version response",
              "timedOut": false,
              "duration": 110,
              "state": "passed",
              "speed": "slow",
              "pass": true,
              "fail": false,
              "pending": false,
              "context": null,
              "code": "var self = this,\n    args = arguments;\nreturn new Promise(function (resolve, reject) {\n  var gen = fn.apply(self, args);\n  function _next(value) {\n    asyncGeneratorStep(gen, resolve, reject, _next, _throw, \"next\", value);\n  }\n  function _throw(err) {\n    asyncGeneratorStep(gen, resolve, reject, _next, _throw, \"throw\", err);\n  }\n  _next(undefined);\n});",
              "err": {},
              "uuid": "c220f5a7-849b-4eeb-9128-bddfaff54f89",
              "parentUUID": "dea06adf-43f8-4d75-88e7-22fe9bcb75e3",
              "isHook": false,
              "skipped": false
            },
            {
              "title": "Validate response type of the GET/version endpoint",
              "fullTitle": "Triangle Calculator GET/version endpoint test Validate response type of the GET/version endpoint",
              "timedOut": false,
              "duration": 112,
              "state": "passed",
              "speed": "slow",
              "pass": true,
              "fail": false,
              "pending": false,
              "context": null,
              "code": "var self = this,\n    args = arguments;\nreturn new Promise(function (resolve, reject) {\n  var gen = fn.apply(self, args);\n  function _next(value) {\n    asyncGeneratorStep(gen, resolve, reject, _next, _throw, \"next\", value);\n  }\n  function _throw(err) {\n    asyncGeneratorStep(gen, resolve, reject, _next, _throw, \"throw\", err);\n  }\n  _next(undefined);\n});",
              "err": {},
              "uuid": "98920557-545f-48ff-89f1-41c860cb2f00",
              "parentUUID": "dea06adf-43f8-4d75-88e7-22fe9bcb75e3",
              "isHook": false,
              "skipped": false
            },
            {
              "title": "Validate version endpoint response using POST method",
              "fullTitle": "Triangle Calculator GET/version endpoint test Validate version endpoint response using POST method",
              "timedOut": false,
              "duration": 112,
              "state": "passed",
              "speed": "slow",
              "pass": true,
              "fail": false,
              "pending": false,
              "context": null,
              "code": "var self = this,\n    args = arguments;\nreturn new Promise(function (resolve, reject) {\n  var gen = fn.apply(self, args);\n  function _next(value) {\n    asyncGeneratorStep(gen, resolve, reject, _next, _throw, \"next\", value);\n  }\n  function _throw(err) {\n    asyncGeneratorStep(gen, resolve, reject, _next, _throw, \"throw\", err);\n  }\n  _next(undefined);\n});",
              "err": {},
              "uuid": "439f436d-9195-447b-a1ac-e9e94747ae15",
              "parentUUID": "dea06adf-43f8-4d75-88e7-22fe9bcb75e3",
              "isHook": false,
              "skipped": false
            },
            {
              "title": "Validate version endpoint response without defining the URN",
              "fullTitle": "Triangle Calculator GET/version endpoint test Validate version endpoint response without defining the URN",
              "timedOut": false,
              "duration": 129,
              "state": "passed",
              "speed": "slow",
              "pass": true,
              "fail": false,
              "pending": false,
              "context": null,
              "code": "var self = this,\n    args = arguments;\nreturn new Promise(function (resolve, reject) {\n  var gen = fn.apply(self, args);\n  function _next(value) {\n    asyncGeneratorStep(gen, resolve, reject, _next, _throw, \"next\", value);\n  }\n  function _throw(err) {\n    asyncGeneratorStep(gen, resolve, reject, _next, _throw, \"throw\", err);\n  }\n  _next(undefined);\n});",
              "err": {},
              "uuid": "6545c283-c0f2-4cb8-b817-5f6085f27354",
              "parentUUID": "dea06adf-43f8-4d75-88e7-22fe9bcb75e3",
              "isHook": false,
              "skipped": false
            }
          ],
          "suites": [],
          "passes": [
            "c220f5a7-849b-4eeb-9128-bddfaff54f89",
            "98920557-545f-48ff-89f1-41c860cb2f00",
            "439f436d-9195-447b-a1ac-e9e94747ae15",
            "6545c283-c0f2-4cb8-b817-5f6085f27354"
          ],
          "failures": [
            "05fd2295-fc21-4bf2-977a-dc8c233e2b00",
            "a804abb4-25cb-40b3-974f-2d340f7d66fc"
          ],
          "pending": [],
          "skipped": [],
          "duration": 740,
          "root": false,
          "rootEmpty": false,
          "_timeout": 5000
        }
      ],
      "passes": [],
      "failures": [],
      "pending": [],
      "skipped": [],
      "duration": 0,
      "root": true,
      "rootEmpty": true,
      "_timeout": 5000
    }
  ],
  "meta": {
    "mocha": {
      "version": "10.0.0"
    },
    "mochawesome": {
      "options": {
        "quiet": false,
        "reportFilename": "mochawesome",
        "saveHtml": true,
        "saveJson": true,
        "consoleReporter": "spec",
        "useInlineDiffs": false,
        "code": true
      },
      "version": "7.1.3"
    },
    "marge": {
      "options": null,
      "version": "6.2.0"
    }
  }
}