{
  "stats": {
    "suites": 2,
    "tests": 20,
    "passes": 18,
    "pending": 0,
    "failures": 2,
    "start": "2022-08-26T17:40:56.122Z",
    "end": "2022-08-26T17:40:58.585Z",
    "duration": 2463,
    "testsRegistered": 20,
    "passPercent": 90,
    "pendingPercent": 0,
    "other": 0,
    "hasOther": false,
    "skipped": 0,
    "hasSkipped": false
  },
  "results": [
    {
      "uuid": "c0bc03a1-7f83-41c9-83a9-14c09327f5ed",
      "title": "",
      "fullFile": "",
      "file": "",
      "beforeHooks": [],
      "afterHooks": [],
      "tests": [],
      "suites": [
        {
          "uuid": "66129b68-f395-4166-a681-05ea873698ec",
          "title": "Triangle Calculator POST endpoint test",
          "fullFile": "/Users/owner/WithSecure/TriangleCalculatorTest/test/triangle.test.js",
          "file": "/test/triangle.test.js",
          "beforeHooks": [],
          "afterHooks": [],
          "tests": [
            {
              "title": "Validate equilateral triangle status",
              "fullTitle": "Triangle Calculator POST endpoint test Validate equilateral triangle status",
              "timedOut": false,
              "duration": 145,
              "state": "passed",
              "speed": "slow",
              "pass": true,
              "fail": false,
              "pending": false,
              "context": null,
              "code": "var self = this,\n    args = arguments;\nreturn new Promise(function (resolve, reject) {\n  var gen = fn.apply(self, args);\n  function _next(value) {\n    asyncGeneratorStep(gen, resolve, reject, _next, _throw, \"next\", value);\n  }\n  function _throw(err) {\n    asyncGeneratorStep(gen, resolve, reject, _next, _throw, \"throw\", err);\n  }\n  _next(undefined);\n});",
              "err": {},
              "uuid": "6a8ae2ec-7546-46bd-bbcc-6c4740878b0f",
              "parentUUID": "66129b68-f395-4166-a681-05ea873698ec",
              "isHook": false,
              "skipped": false
            },
            {
              "title": "Validate isosceles triangle status",
              "fullTitle": "Triangle Calculator POST endpoint test Validate isosceles triangle status",
              "timedOut": false,
              "duration": 118,
              "state": "failed",
              "speed": null,
              "pass": false,
              "fail": true,
              "pending": false,
              "context": null,
              "code": "var self = this,\n    args = arguments;\nreturn new Promise(function (resolve, reject) {\n  var gen = fn.apply(self, args);\n  function _next(value) {\n    asyncGeneratorStep(gen, resolve, reject, _next, _throw, \"next\", value);\n  }\n  function _throw(err) {\n    asyncGeneratorStep(gen, resolve, reject, _next, _throw, \"throw\", err);\n  }\n  _next(undefined);\n});",
              "err": {
                "message": "AssertionError: expected 201 to equal 200",
                "estack": "AssertionError: expected 201 to equal 200\n    at _callee2$ (test/triangle.test.js:20:38)\n    at tryCatch (node_modules/@babel/runtime/helpers/regeneratorRuntime.js:86:17)\n    at Generator._invoke (node_modules/@babel/runtime/helpers/regeneratorRuntime.js:66:24)\n    at Generator.next (node_modules/@babel/runtime/helpers/regeneratorRuntime.js:117:21)\n    at asyncGeneratorStep (node_modules/@babel/runtime/helpers/asyncToGenerator.js:3:24)\n    at _next (node_modules/@babel/runtime/helpers/asyncToGenerator.js:25:9)\n    at processTicksAndRejections (node:internal/process/task_queues:96:5)",
                "diff": "- 201\n+ 200\n"
              },
              "uuid": "7fc7ce8c-de34-4179-b76c-4239e7fca68a",
              "parentUUID": "66129b68-f395-4166-a681-05ea873698ec",
              "isHook": false,
              "skipped": false
            },
            {
              "title": "Validate versatile triangle status",
              "fullTitle": "Triangle Calculator POST endpoint test Validate versatile triangle status",
              "timedOut": false,
              "duration": 129,
              "state": "passed",
              "speed": "slow",
              "pass": true,
              "fail": false,
              "pending": false,
              "context": null,
              "code": "var self = this,\n    args = arguments;\nreturn new Promise(function (resolve, reject) {\n  var gen = fn.apply(self, args);\n  function _next(value) {\n    asyncGeneratorStep(gen, resolve, reject, _next, _throw, \"next\", value);\n  }\n  function _throw(err) {\n    asyncGeneratorStep(gen, resolve, reject, _next, _throw, \"throw\", err);\n  }\n  _next(undefined);\n});",
              "err": {},
              "uuid": "ee4b9cf7-5243-486d-90a4-3a95e4391813",
              "parentUUID": "66129b68-f395-4166-a681-05ea873698ec",
              "isHook": false,
              "skipped": false
            },
            {
              "title": "Validate equilateral triangle type identification result",
              "fullTitle": "Triangle Calculator POST endpoint test Validate equilateral triangle type identification result",
              "timedOut": false,
              "duration": 115,
              "state": "passed",
              "speed": "slow",
              "pass": true,
              "fail": false,
              "pending": false,
              "context": null,
              "code": "var self = this,\n    args = arguments;\nreturn new Promise(function (resolve, reject) {\n  var gen = fn.apply(self, args);\n  function _next(value) {\n    asyncGeneratorStep(gen, resolve, reject, _next, _throw, \"next\", value);\n  }\n  function _throw(err) {\n    asyncGeneratorStep(gen, resolve, reject, _next, _throw, \"throw\", err);\n  }\n  _next(undefined);\n});",
              "err": {},
              "uuid": "704fcf90-2a37-4aaa-836c-8eda6c4a3537",
              "parentUUID": "66129b68-f395-4166-a681-05ea873698ec",
              "isHook": false,
              "skipped": false
            },
            {
              "title": "Validate isosceles triangle type identification result",
              "fullTitle": "Triangle Calculator POST endpoint test Validate isosceles triangle type identification result",
              "timedOut": false,
              "duration": 115,
              "state": "passed",
              "speed": "slow",
              "pass": true,
              "fail": false,
              "pending": false,
              "context": null,
              "code": "var self = this,\n    args = arguments;\nreturn new Promise(function (resolve, reject) {\n  var gen = fn.apply(self, args);\n  function _next(value) {\n    asyncGeneratorStep(gen, resolve, reject, _next, _throw, \"next\", value);\n  }\n  function _throw(err) {\n    asyncGeneratorStep(gen, resolve, reject, _next, _throw, \"throw\", err);\n  }\n  _next(undefined);\n});",
              "err": {},
              "uuid": "3a3e5f93-f5bc-487b-b610-99ff1d869fd0",
              "parentUUID": "66129b68-f395-4166-a681-05ea873698ec",
              "isHook": false,
              "skipped": false
            },
            {
              "title": "Validate versatile triangle type identification result",
              "fullTitle": "Triangle Calculator POST endpoint test Validate versatile triangle type identification result",
              "timedOut": false,
              "duration": 113,
              "state": "passed",
              "speed": "slow",
              "pass": true,
              "fail": false,
              "pending": false,
              "context": null,
              "code": "var self = this,\n    args = arguments;\nreturn new Promise(function (resolve, reject) {\n  var gen = fn.apply(self, args);\n  function _next(value) {\n    asyncGeneratorStep(gen, resolve, reject, _next, _throw, \"next\", value);\n  }\n  function _throw(err) {\n    asyncGeneratorStep(gen, resolve, reject, _next, _throw, \"throw\", err);\n  }\n  _next(undefined);\n});",
              "err": {},
              "uuid": "b8f2638c-0f6f-4d71-97fa-c5f513c56235",
              "parentUUID": "66129b68-f395-4166-a681-05ea873698ec",
              "isHook": false,
              "skipped": false
            },
            {
              "title": "Validate response when sum of any 2 sides less than the 3rd",
              "fullTitle": "Triangle Calculator POST endpoint test Validate response when sum of any 2 sides less than the 3rd",
              "timedOut": false,
              "duration": 114,
              "state": "passed",
              "speed": "slow",
              "pass": true,
              "fail": false,
              "pending": false,
              "context": null,
              "code": "var self = this,\n    args = arguments;\nreturn new Promise(function (resolve, reject) {\n  var gen = fn.apply(self, args);\n  function _next(value) {\n    asyncGeneratorStep(gen, resolve, reject, _next, _throw, \"next\", value);\n  }\n  function _throw(err) {\n    asyncGeneratorStep(gen, resolve, reject, _next, _throw, \"throw\", err);\n  }\n  _next(undefined);\n});",
              "err": {},
              "uuid": "6bd6cc4b-9581-46af-b8c7-68b7c8c590cf",
              "parentUUID": "66129b68-f395-4166-a681-05ea873698ec",
              "isHook": false,
              "skipped": false
            },
            {
              "title": "Validate POST method by passing special charactors as parameters",
              "fullTitle": "Triangle Calculator POST endpoint test Validate POST method by passing special charactors as parameters",
              "timedOut": false,
              "duration": 113,
              "state": "passed",
              "speed": "slow",
              "pass": true,
              "fail": false,
              "pending": false,
              "context": null,
              "code": "var self = this,\n    args = arguments;\nreturn new Promise(function (resolve, reject) {\n  var gen = fn.apply(self, args);\n  function _next(value) {\n    asyncGeneratorStep(gen, resolve, reject, _next, _throw, \"next\", value);\n  }\n  function _throw(err) {\n    asyncGeneratorStep(gen, resolve, reject, _next, _throw, \"throw\", err);\n  }\n  _next(undefined);\n});",
              "err": {},
              "uuid": "d9d84106-9caf-4b9c-a13c-34423beec00c",
              "parentUUID": "66129b68-f395-4166-a681-05ea873698ec",
              "isHook": false,
              "skipped": false
            },
            {
              "title": "Validate POST method by passing string values as parameters",
              "fullTitle": "Triangle Calculator POST endpoint test Validate POST method by passing string values as parameters",
              "timedOut": false,
              "duration": 126,
              "state": "passed",
              "speed": "slow",
              "pass": true,
              "fail": false,
              "pending": false,
              "context": null,
              "code": "var self = this,\n    args = arguments;\nreturn new Promise(function (resolve, reject) {\n  var gen = fn.apply(self, args);\n  function _next(value) {\n    asyncGeneratorStep(gen, resolve, reject, _next, _throw, \"next\", value);\n  }\n  function _throw(err) {\n    asyncGeneratorStep(gen, resolve, reject, _next, _throw, \"throw\", err);\n  }\n  _next(undefined);\n});",
              "err": {},
              "uuid": "a302c29a-0106-4ec6-a0fe-7a9276f34917",
              "parentUUID": "66129b68-f395-4166-a681-05ea873698ec",
              "isHook": false,
              "skipped": false
            },
            {
              "title": "Validate POST method by passing negative values as parameters",
              "fullTitle": "Triangle Calculator POST endpoint test Validate POST method by passing negative values as parameters",
              "timedOut": false,
              "duration": 152,
              "state": "passed",
              "speed": "slow",
              "pass": true,
              "fail": false,
              "pending": false,
              "context": null,
              "code": "var self = this,\n    args = arguments;\nreturn new Promise(function (resolve, reject) {\n  var gen = fn.apply(self, args);\n  function _next(value) {\n    asyncGeneratorStep(gen, resolve, reject, _next, _throw, \"next\", value);\n  }\n  function _throw(err) {\n    asyncGeneratorStep(gen, resolve, reject, _next, _throw, \"throw\", err);\n  }\n  _next(undefined);\n});",
              "err": {},
              "uuid": "5ada6645-64bd-4844-836c-2e8f864c2515",
              "parentUUID": "66129b68-f395-4166-a681-05ea873698ec",
              "isHook": false,
              "skipped": false
            },
            {
              "title": "Validate POST method by passing only two sides",
              "fullTitle": "Triangle Calculator POST endpoint test Validate POST method by passing only two sides",
              "timedOut": false,
              "duration": 116,
              "state": "passed",
              "speed": "slow",
              "pass": true,
              "fail": false,
              "pending": false,
              "context": null,
              "code": "var self = this,\n    args = arguments;\nreturn new Promise(function (resolve, reject) {\n  var gen = fn.apply(self, args);\n  function _next(value) {\n    asyncGeneratorStep(gen, resolve, reject, _next, _throw, \"next\", value);\n  }\n  function _throw(err) {\n    asyncGeneratorStep(gen, resolve, reject, _next, _throw, \"throw\", err);\n  }\n  _next(undefined);\n});",
              "err": {},
              "uuid": "b6be6e2c-99eb-40f1-9d31-80d99793114c",
              "parentUUID": "66129b68-f395-4166-a681-05ea873698ec",
              "isHook": false,
              "skipped": false
            },
            {
              "title": "Validate POST method by passing empty payload",
              "fullTitle": "Triangle Calculator POST endpoint test Validate POST method by passing empty payload",
              "timedOut": false,
              "duration": 114,
              "state": "passed",
              "speed": "slow",
              "pass": true,
              "fail": false,
              "pending": false,
              "context": null,
              "code": "var self = this,\n    args = arguments;\nreturn new Promise(function (resolve, reject) {\n  var gen = fn.apply(self, args);\n  function _next(value) {\n    asyncGeneratorStep(gen, resolve, reject, _next, _throw, \"next\", value);\n  }\n  function _throw(err) {\n    asyncGeneratorStep(gen, resolve, reject, _next, _throw, \"throw\", err);\n  }\n  _next(undefined);\n});",
              "err": {},
              "uuid": "5ad368a8-834a-401a-b439-21274aa14454",
              "parentUUID": "66129b68-f395-4166-a681-05ea873698ec",
              "isHook": false,
              "skipped": false
            },
            {
              "title": "Validate POST method by passing different attributes",
              "fullTitle": "Triangle Calculator POST endpoint test Validate POST method by passing different attributes",
              "timedOut": false,
              "duration": 111,
              "state": "passed",
              "speed": "slow",
              "pass": true,
              "fail": false,
              "pending": false,
              "context": null,
              "code": "var self = this,\n    args = arguments;\nreturn new Promise(function (resolve, reject) {\n  var gen = fn.apply(self, args);\n  function _next(value) {\n    asyncGeneratorStep(gen, resolve, reject, _next, _throw, \"next\", value);\n  }\n  function _throw(err) {\n    asyncGeneratorStep(gen, resolve, reject, _next, _throw, \"throw\", err);\n  }\n  _next(undefined);\n});",
              "err": {},
              "uuid": "fece601b-c4f8-4afe-9964-3302bfe656a4",
              "parentUUID": "66129b68-f395-4166-a681-05ea873698ec",
              "isHook": false,
              "skipped": false
            },
            {
              "title": "Validate triangle type identification using GET method",
              "fullTitle": "Triangle Calculator POST endpoint test Validate triangle type identification using GET method",
              "timedOut": false,
              "duration": 159,
              "state": "passed",
              "speed": "slow",
              "pass": true,
              "fail": false,
              "pending": false,
              "context": null,
              "code": "var self = this,\n    args = arguments;\nreturn new Promise(function (resolve, reject) {\n  var gen = fn.apply(self, args);\n  function _next(value) {\n    asyncGeneratorStep(gen, resolve, reject, _next, _throw, \"next\", value);\n  }\n  function _throw(err) {\n    asyncGeneratorStep(gen, resolve, reject, _next, _throw, \"throw\", err);\n  }\n  _next(undefined);\n});",
              "err": {},
              "uuid": "4ec49779-6869-4131-ba37-0ad3331ba614",
              "parentUUID": "66129b68-f395-4166-a681-05ea873698ec",
              "isHook": false,
              "skipped": false
            }
          ],
          "suites": [],
          "passes": [
            "6a8ae2ec-7546-46bd-bbcc-6c4740878b0f",
            "ee4b9cf7-5243-486d-90a4-3a95e4391813",
            "704fcf90-2a37-4aaa-836c-8eda6c4a3537",
            "3a3e5f93-f5bc-487b-b610-99ff1d869fd0",
            "b8f2638c-0f6f-4d71-97fa-c5f513c56235",
            "6bd6cc4b-9581-46af-b8c7-68b7c8c590cf",
            "d9d84106-9caf-4b9c-a13c-34423beec00c",
            "a302c29a-0106-4ec6-a0fe-7a9276f34917",
            "5ada6645-64bd-4844-836c-2e8f864c2515",
            "b6be6e2c-99eb-40f1-9d31-80d99793114c",
            "5ad368a8-834a-401a-b439-21274aa14454",
            "fece601b-c4f8-4afe-9964-3302bfe656a4",
            "4ec49779-6869-4131-ba37-0ad3331ba614"
          ],
          "failures": [
            "7fc7ce8c-de34-4179-b76c-4239e7fca68a"
          ],
          "pending": [],
          "skipped": [],
          "duration": 1740,
          "root": false,
          "rootEmpty": false,
          "_timeout": 5000
        },
        {
          "uuid": "f773ccc9-b5e9-4358-8d21-3b7cd155d12d",
          "title": "Triangle Calculator GET/version endpoint test",
          "fullFile": "/Users/owner/WithSecure/TriangleCalculatorTest/test/version.test.js",
          "file": "/test/version.test.js",
          "beforeHooks": [],
          "afterHooks": [],
          "tests": [
            {
              "title": "Validate status code of the GET/version endpoint",
              "fullTitle": "Triangle Calculator GET/version endpoint test Validate status code of the GET/version endpoint",
              "timedOut": false,
              "duration": 136,
              "state": "passed",
              "speed": "slow",
              "pass": true,
              "fail": false,
              "pending": false,
              "context": null,
              "code": "var self = this,\n    args = arguments;\nreturn new Promise(function (resolve, reject) {\n  var gen = fn.apply(self, args);\n  function _next(value) {\n    asyncGeneratorStep(gen, resolve, reject, _next, _throw, \"next\", value);\n  }\n  function _throw(err) {\n    asyncGeneratorStep(gen, resolve, reject, _next, _throw, \"throw\", err);\n  }\n  _next(undefined);\n});",
              "err": {},
              "uuid": "0366f2c2-b695-4a5d-a63f-45b446f74c65",
              "parentUUID": "f773ccc9-b5e9-4358-8d21-3b7cd155d12d",
              "isHook": false,
              "skipped": false
            },
            {
              "title": "Validate response message of the GET/version endpoint",
              "fullTitle": "Triangle Calculator GET/version endpoint test Validate response message of the GET/version endpoint",
              "timedOut": false,
              "duration": 113,
              "state": "passed",
              "speed": "slow",
              "pass": true,
              "fail": false,
              "pending": false,
              "context": null,
              "code": "var self = this,\n    args = arguments;\nreturn new Promise(function (resolve, reject) {\n  var gen = fn.apply(self, args);\n  function _next(value) {\n    asyncGeneratorStep(gen, resolve, reject, _next, _throw, \"next\", value);\n  }\n  function _throw(err) {\n    asyncGeneratorStep(gen, resolve, reject, _next, _throw, \"throw\", err);\n  }\n  _next(undefined);\n});",
              "err": {},
              "uuid": "37e37842-1cdc-45c0-96aa-48a5b02ac3c3",
              "parentUUID": "f773ccc9-b5e9-4358-8d21-3b7cd155d12d",
              "isHook": false,
              "skipped": false
            },
            {
              "title": "Validate data type of the GET/version response",
              "fullTitle": "Triangle Calculator GET/version endpoint test Validate data type of the GET/version response",
              "timedOut": false,
              "duration": 115,
              "state": "passed",
              "speed": "slow",
              "pass": true,
              "fail": false,
              "pending": false,
              "context": null,
              "code": "var self = this,\n    args = arguments;\nreturn new Promise(function (resolve, reject) {\n  var gen = fn.apply(self, args);\n  function _next(value) {\n    asyncGeneratorStep(gen, resolve, reject, _next, _throw, \"next\", value);\n  }\n  function _throw(err) {\n    asyncGeneratorStep(gen, resolve, reject, _next, _throw, \"throw\", err);\n  }\n  _next(undefined);\n});",
              "err": {},
              "uuid": "26017e92-eed3-423c-9519-aff9aaa70de1",
              "parentUUID": "f773ccc9-b5e9-4358-8d21-3b7cd155d12d",
              "isHook": false,
              "skipped": false
            },
            {
              "title": "Validate response type of the GET/version endpoint",
              "fullTitle": "Triangle Calculator GET/version endpoint test Validate response type of the GET/version endpoint",
              "timedOut": false,
              "duration": 109,
              "state": "failed",
              "speed": null,
              "pass": false,
              "fail": true,
              "pending": false,
              "context": null,
              "code": "var self = this,\n    args = arguments;\nreturn new Promise(function (resolve, reject) {\n  var gen = fn.apply(self, args);\n  function _next(value) {\n    asyncGeneratorStep(gen, resolve, reject, _next, _throw, \"next\", value);\n  }\n  function _throw(err) {\n    asyncGeneratorStep(gen, resolve, reject, _next, _throw, \"throw\", err);\n  }\n  _next(undefined);\n});",
              "err": {
                "message": "AssertionError: expected 'application/json' to equal 'text/html'",
                "estack": "AssertionError: expected 'application/json' to equal 'text/html'\n    at _callee4$ (test/version.test.js:25:32)\n    at tryCatch (node_modules/@babel/runtime/helpers/regeneratorRuntime.js:86:17)\n    at Generator._invoke (node_modules/@babel/runtime/helpers/regeneratorRuntime.js:66:24)\n    at Generator.next (node_modules/@babel/runtime/helpers/regeneratorRuntime.js:117:21)\n    at asyncGeneratorStep (node_modules/@babel/runtime/helpers/asyncToGenerator.js:3:24)\n    at _next (node_modules/@babel/runtime/helpers/asyncToGenerator.js:25:9)\n    at processTicksAndRejections (node:internal/process/task_queues:96:5)",
                "diff": "- application/json\n+ text/html\n"
              },
              "uuid": "09c36b2e-a030-45f1-a5c7-20064ee8e233",
              "parentUUID": "f773ccc9-b5e9-4358-8d21-3b7cd155d12d",
              "isHook": false,
              "skipped": false
            },
            {
              "title": "Validate version endpoint response using POST method",
              "fullTitle": "Triangle Calculator GET/version endpoint test Validate version endpoint response using POST method",
              "timedOut": false,
              "duration": 109,
              "state": "passed",
              "speed": "slow",
              "pass": true,
              "fail": false,
              "pending": false,
              "context": null,
              "code": "var self = this,\n    args = arguments;\nreturn new Promise(function (resolve, reject) {\n  var gen = fn.apply(self, args);\n  function _next(value) {\n    asyncGeneratorStep(gen, resolve, reject, _next, _throw, \"next\", value);\n  }\n  function _throw(err) {\n    asyncGeneratorStep(gen, resolve, reject, _next, _throw, \"throw\", err);\n  }\n  _next(undefined);\n});",
              "err": {},
              "uuid": "117a832f-5b2b-442d-ab57-b4a8d4dbd232",
              "parentUUID": "f773ccc9-b5e9-4358-8d21-3b7cd155d12d",
              "isHook": false,
              "skipped": false
            },
            {
              "title": "Validate version endpoint response without defining the URN",
              "fullTitle": "Triangle Calculator GET/version endpoint test Validate version endpoint response without defining the URN",
              "timedOut": false,
              "duration": 113,
              "state": "passed",
              "speed": "slow",
              "pass": true,
              "fail": false,
              "pending": false,
              "context": null,
              "code": "var self = this,\n    args = arguments;\nreturn new Promise(function (resolve, reject) {\n  var gen = fn.apply(self, args);\n  function _next(value) {\n    asyncGeneratorStep(gen, resolve, reject, _next, _throw, \"next\", value);\n  }\n  function _throw(err) {\n    asyncGeneratorStep(gen, resolve, reject, _next, _throw, \"throw\", err);\n  }\n  _next(undefined);\n});",
              "err": {},
              "uuid": "37481d85-8dda-4536-9b3d-2c1289ec9c71",
              "parentUUID": "f773ccc9-b5e9-4358-8d21-3b7cd155d12d",
              "isHook": false,
              "skipped": false
            }
          ],
          "suites": [],
          "passes": [
            "0366f2c2-b695-4a5d-a63f-45b446f74c65",
            "37e37842-1cdc-45c0-96aa-48a5b02ac3c3",
            "26017e92-eed3-423c-9519-aff9aaa70de1",
            "117a832f-5b2b-442d-ab57-b4a8d4dbd232",
            "37481d85-8dda-4536-9b3d-2c1289ec9c71"
          ],
          "failures": [
            "09c36b2e-a030-45f1-a5c7-20064ee8e233"
          ],
          "pending": [],
          "skipped": [],
          "duration": 695,
          "root": false,
          "rootEmpty": false,
          "_timeout": 5000
        }
      ],
      "passes": [],
      "failures": [],
      "pending": [],
      "skipped": [],
      "duration": 0,
      "root": true,
      "rootEmpty": true,
      "_timeout": 5000
    }
  ],
  "meta": {
    "mocha": {
      "version": "10.0.0"
    },
    "mochawesome": {
      "options": {
        "quiet": false,
        "reportFilename": "mochawesome",
        "saveHtml": true,
        "saveJson": true,
        "consoleReporter": "spec",
        "useInlineDiffs": false,
        "code": true
      },
      "version": "7.1.3"
    },
    "marge": {
      "options": null,
      "version": "6.2.0"
    }
  }
}