{
  "stats": {
    "suites": 2,
    "tests": 39,
    "passes": 37,
    "pending": 0,
    "failures": 2,
    "start": "2022-09-01T13:58:21.403Z",
    "end": "2022-09-01T13:58:27.360Z",
    "duration": 5957,
    "testsRegistered": 39,
    "passPercent": 94.87179487179486,
    "pendingPercent": 0,
    "other": 0,
    "hasOther": false,
    "skipped": 0,
    "hasSkipped": false
  },
  "results": [
    {
      "uuid": "5b4332b8-3113-4980-800a-e2dd697722e3",
      "title": "",
      "fullFile": "",
      "file": "",
      "beforeHooks": [],
      "afterHooks": [],
      "tests": [],
      "suites": [
        {
          "uuid": "fc7f03a8-77eb-46c2-89f9-884985a018c8",
          "title": "Triangle Calculator POST endpoint test",
          "fullFile": "/Users/owner/WithSecure/TriangleCalculatorTest/test/triangle.test.js",
          "file": "/test/triangle.test.js",
          "beforeHooks": [],
          "afterHooks": [],
          "tests": [
            {
              "title": "Validate equilateral triangle status",
              "fullTitle": "Triangle Calculator POST endpoint test Validate equilateral triangle status",
              "timedOut": false,
              "duration": 150,
              "state": "passed",
              "speed": "slow",
              "pass": true,
              "fail": false,
              "pending": false,
              "context": null,
              "code": "var self = this,\n    args = arguments;\nreturn new Promise(function (resolve, reject) {\n  var gen = fn.apply(self, args);\n  function _next(value) {\n    asyncGeneratorStep(gen, resolve, reject, _next, _throw, \"next\", value);\n  }\n  function _throw(err) {\n    asyncGeneratorStep(gen, resolve, reject, _next, _throw, \"throw\", err);\n  }\n  _next(undefined);\n});",
              "err": {},
              "uuid": "8a322b49-b526-45ba-bc2f-733f32cea430",
              "parentUUID": "fc7f03a8-77eb-46c2-89f9-884985a018c8",
              "isHook": false,
              "skipped": false
            },
            {
              "title": "Validate isosceles triangle status",
              "fullTitle": "Triangle Calculator POST endpoint test Validate isosceles triangle status",
              "timedOut": false,
              "duration": 168,
              "state": "failed",
              "speed": null,
              "pass": false,
              "fail": true,
              "pending": false,
              "context": null,
              "code": "var self = this,\n    args = arguments;\nreturn new Promise(function (resolve, reject) {\n  var gen = fn.apply(self, args);\n  function _next(value) {\n    asyncGeneratorStep(gen, resolve, reject, _next, _throw, \"next\", value);\n  }\n  function _throw(err) {\n    asyncGeneratorStep(gen, resolve, reject, _next, _throw, \"throw\", err);\n  }\n  _next(undefined);\n});",
              "err": {
                "message": "AssertionError: expected 201 to equal 200",
                "estack": "AssertionError: expected 201 to equal 200\n    at _callee2$ (test/triangle.test.js:20:38)\n    at tryCatch (node_modules/@babel/runtime/helpers/regeneratorRuntime.js:86:17)\n    at Generator._invoke (node_modules/@babel/runtime/helpers/regeneratorRuntime.js:66:24)\n    at Generator.next (node_modules/@babel/runtime/helpers/regeneratorRuntime.js:117:21)\n    at asyncGeneratorStep (node_modules/@babel/runtime/helpers/asyncToGenerator.js:3:24)\n    at _next (node_modules/@babel/runtime/helpers/asyncToGenerator.js:25:9)\n    at processTicksAndRejections (node:internal/process/task_queues:96:5)",
                "diff": "- 201\n+ 200\n"
              },
              "uuid": "da37843a-8273-47bb-b8e4-cd35f3e19b36",
              "parentUUID": "fc7f03a8-77eb-46c2-89f9-884985a018c8",
              "isHook": false,
              "skipped": false
            },
            {
              "title": "Validate versatile triangle status",
              "fullTitle": "Triangle Calculator POST endpoint test Validate versatile triangle status",
              "timedOut": false,
              "duration": 114,
              "state": "passed",
              "speed": "slow",
              "pass": true,
              "fail": false,
              "pending": false,
              "context": null,
              "code": "var self = this,\n    args = arguments;\nreturn new Promise(function (resolve, reject) {\n  var gen = fn.apply(self, args);\n  function _next(value) {\n    asyncGeneratorStep(gen, resolve, reject, _next, _throw, \"next\", value);\n  }\n  function _throw(err) {\n    asyncGeneratorStep(gen, resolve, reject, _next, _throw, \"throw\", err);\n  }\n  _next(undefined);\n});",
              "err": {},
              "uuid": "caad1207-2645-4716-bf22-85f32e828b32",
              "parentUUID": "fc7f03a8-77eb-46c2-89f9-884985a018c8",
              "isHook": false,
              "skipped": false
            },
            {
              "title": "Validate equilateral triangle type identification result",
              "fullTitle": "Triangle Calculator POST endpoint test Validate equilateral triangle type identification result",
              "timedOut": false,
              "duration": 112,
              "state": "passed",
              "speed": "slow",
              "pass": true,
              "fail": false,
              "pending": false,
              "context": null,
              "code": "var self = this,\n    args = arguments;\nreturn new Promise(function (resolve, reject) {\n  var gen = fn.apply(self, args);\n  function _next(value) {\n    asyncGeneratorStep(gen, resolve, reject, _next, _throw, \"next\", value);\n  }\n  function _throw(err) {\n    asyncGeneratorStep(gen, resolve, reject, _next, _throw, \"throw\", err);\n  }\n  _next(undefined);\n});",
              "err": {},
              "uuid": "07c8cd25-7974-487a-8ebd-be128fb3a375",
              "parentUUID": "fc7f03a8-77eb-46c2-89f9-884985a018c8",
              "isHook": false,
              "skipped": false
            },
            {
              "title": "Validate isosceles triangle type identification result",
              "fullTitle": "Triangle Calculator POST endpoint test Validate isosceles triangle type identification result",
              "timedOut": false,
              "duration": 115,
              "state": "passed",
              "speed": "slow",
              "pass": true,
              "fail": false,
              "pending": false,
              "context": null,
              "code": "var self = this,\n    args = arguments;\nreturn new Promise(function (resolve, reject) {\n  var gen = fn.apply(self, args);\n  function _next(value) {\n    asyncGeneratorStep(gen, resolve, reject, _next, _throw, \"next\", value);\n  }\n  function _throw(err) {\n    asyncGeneratorStep(gen, resolve, reject, _next, _throw, \"throw\", err);\n  }\n  _next(undefined);\n});",
              "err": {},
              "uuid": "6e723b10-bc1a-4f3a-a4c9-5aab58c559e4",
              "parentUUID": "fc7f03a8-77eb-46c2-89f9-884985a018c8",
              "isHook": false,
              "skipped": false
            },
            {
              "title": "Validate versatile triangle type identification result",
              "fullTitle": "Triangle Calculator POST endpoint test Validate versatile triangle type identification result",
              "timedOut": false,
              "duration": 139,
              "state": "passed",
              "speed": "slow",
              "pass": true,
              "fail": false,
              "pending": false,
              "context": null,
              "code": "var self = this,\n    args = arguments;\nreturn new Promise(function (resolve, reject) {\n  var gen = fn.apply(self, args);\n  function _next(value) {\n    asyncGeneratorStep(gen, resolve, reject, _next, _throw, \"next\", value);\n  }\n  function _throw(err) {\n    asyncGeneratorStep(gen, resolve, reject, _next, _throw, \"throw\", err);\n  }\n  _next(undefined);\n});",
              "err": {},
              "uuid": "6811d7ce-1499-47bc-8c52-ae9cfddfe4b8",
              "parentUUID": "fc7f03a8-77eb-46c2-89f9-884985a018c8",
              "isHook": false,
              "skipped": false
            },
            {
              "title": "Validate response when sum of any 2 sides less than the 3rd",
              "fullTitle": "Triangle Calculator POST endpoint test Validate response when sum of any 2 sides less than the 3rd",
              "timedOut": false,
              "duration": 125,
              "state": "passed",
              "speed": "slow",
              "pass": true,
              "fail": false,
              "pending": false,
              "context": null,
              "code": "var self = this,\n    args = arguments;\nreturn new Promise(function (resolve, reject) {\n  var gen = fn.apply(self, args);\n  function _next(value) {\n    asyncGeneratorStep(gen, resolve, reject, _next, _throw, \"next\", value);\n  }\n  function _throw(err) {\n    asyncGeneratorStep(gen, resolve, reject, _next, _throw, \"throw\", err);\n  }\n  _next(undefined);\n});",
              "err": {},
              "uuid": "28ffe286-21b4-41a4-a20a-fa3e038a5142",
              "parentUUID": "fc7f03a8-77eb-46c2-89f9-884985a018c8",
              "isHook": false,
              "skipped": false
            },
            {
              "title": "Validate POST method by passing special charactor as parameter to side a",
              "fullTitle": "Triangle Calculator POST endpoint test Validate POST method by passing special charactor as parameter to side a",
              "timedOut": false,
              "duration": 126,
              "state": "passed",
              "speed": "slow",
              "pass": true,
              "fail": false,
              "pending": false,
              "context": null,
              "code": "var self = this,\n    args = arguments;\nreturn new Promise(function (resolve, reject) {\n  var gen = fn.apply(self, args);\n  function _next(value) {\n    asyncGeneratorStep(gen, resolve, reject, _next, _throw, \"next\", value);\n  }\n  function _throw(err) {\n    asyncGeneratorStep(gen, resolve, reject, _next, _throw, \"throw\", err);\n  }\n  _next(undefined);\n});",
              "err": {},
              "uuid": "3056b865-7551-41e4-82e5-fd81031fd190",
              "parentUUID": "fc7f03a8-77eb-46c2-89f9-884985a018c8",
              "isHook": false,
              "skipped": false
            },
            {
              "title": "Validate POST method by passing special charactor as parameter to side b",
              "fullTitle": "Triangle Calculator POST endpoint test Validate POST method by passing special charactor as parameter to side b",
              "timedOut": false,
              "duration": 187,
              "state": "passed",
              "speed": "slow",
              "pass": true,
              "fail": false,
              "pending": false,
              "context": null,
              "code": "var self = this,\n    args = arguments;\nreturn new Promise(function (resolve, reject) {\n  var gen = fn.apply(self, args);\n  function _next(value) {\n    asyncGeneratorStep(gen, resolve, reject, _next, _throw, \"next\", value);\n  }\n  function _throw(err) {\n    asyncGeneratorStep(gen, resolve, reject, _next, _throw, \"throw\", err);\n  }\n  _next(undefined);\n});",
              "err": {},
              "uuid": "b1fe26af-e601-48d5-b073-ba544d674faa",
              "parentUUID": "fc7f03a8-77eb-46c2-89f9-884985a018c8",
              "isHook": false,
              "skipped": false
            },
            {
              "title": "Validate POST method by passing special charactor as parameter to side c",
              "fullTitle": "Triangle Calculator POST endpoint test Validate POST method by passing special charactor as parameter to side c",
              "timedOut": false,
              "duration": 115,
              "state": "passed",
              "speed": "slow",
              "pass": true,
              "fail": false,
              "pending": false,
              "context": null,
              "code": "var self = this,\n    args = arguments;\nreturn new Promise(function (resolve, reject) {\n  var gen = fn.apply(self, args);\n  function _next(value) {\n    asyncGeneratorStep(gen, resolve, reject, _next, _throw, \"next\", value);\n  }\n  function _throw(err) {\n    asyncGeneratorStep(gen, resolve, reject, _next, _throw, \"throw\", err);\n  }\n  _next(undefined);\n});",
              "err": {},
              "uuid": "b83551c8-ad47-4159-992d-340760a8e416",
              "parentUUID": "fc7f03a8-77eb-46c2-89f9-884985a018c8",
              "isHook": false,
              "skipped": false
            },
            {
              "title": "Validate POST method by passing string value as parameter to side a",
              "fullTitle": "Triangle Calculator POST endpoint test Validate POST method by passing string value as parameter to side a",
              "timedOut": false,
              "duration": 113,
              "state": "passed",
              "speed": "slow",
              "pass": true,
              "fail": false,
              "pending": false,
              "context": null,
              "code": "var self = this,\n    args = arguments;\nreturn new Promise(function (resolve, reject) {\n  var gen = fn.apply(self, args);\n  function _next(value) {\n    asyncGeneratorStep(gen, resolve, reject, _next, _throw, \"next\", value);\n  }\n  function _throw(err) {\n    asyncGeneratorStep(gen, resolve, reject, _next, _throw, \"throw\", err);\n  }\n  _next(undefined);\n});",
              "err": {},
              "uuid": "1fd4170b-bbf2-43da-af03-af5d7972ed82",
              "parentUUID": "fc7f03a8-77eb-46c2-89f9-884985a018c8",
              "isHook": false,
              "skipped": false
            },
            {
              "title": "Validate POST method by passing string value as parameter to side b",
              "fullTitle": "Triangle Calculator POST endpoint test Validate POST method by passing string value as parameter to side b",
              "timedOut": false,
              "duration": 119,
              "state": "passed",
              "speed": "slow",
              "pass": true,
              "fail": false,
              "pending": false,
              "context": null,
              "code": "var self = this,\n    args = arguments;\nreturn new Promise(function (resolve, reject) {\n  var gen = fn.apply(self, args);\n  function _next(value) {\n    asyncGeneratorStep(gen, resolve, reject, _next, _throw, \"next\", value);\n  }\n  function _throw(err) {\n    asyncGeneratorStep(gen, resolve, reject, _next, _throw, \"throw\", err);\n  }\n  _next(undefined);\n});",
              "err": {},
              "uuid": "437fdc40-ee22-4e91-bc62-806229171231",
              "parentUUID": "fc7f03a8-77eb-46c2-89f9-884985a018c8",
              "isHook": false,
              "skipped": false
            },
            {
              "title": "Validate POST method by passing string value as parameter to side c",
              "fullTitle": "Triangle Calculator POST endpoint test Validate POST method by passing string value as parameter to side c",
              "timedOut": false,
              "duration": 114,
              "state": "passed",
              "speed": "slow",
              "pass": true,
              "fail": false,
              "pending": false,
              "context": null,
              "code": "var self = this,\n    args = arguments;\nreturn new Promise(function (resolve, reject) {\n  var gen = fn.apply(self, args);\n  function _next(value) {\n    asyncGeneratorStep(gen, resolve, reject, _next, _throw, \"next\", value);\n  }\n  function _throw(err) {\n    asyncGeneratorStep(gen, resolve, reject, _next, _throw, \"throw\", err);\n  }\n  _next(undefined);\n});",
              "err": {},
              "uuid": "1fd2c93b-dc11-415e-8619-39a8543858c6",
              "parentUUID": "fc7f03a8-77eb-46c2-89f9-884985a018c8",
              "isHook": false,
              "skipped": false
            },
            {
              "title": "Validate POST method by passing negative value as parameter to side a",
              "fullTitle": "Triangle Calculator POST endpoint test Validate POST method by passing negative value as parameter to side a",
              "timedOut": false,
              "duration": 114,
              "state": "passed",
              "speed": "slow",
              "pass": true,
              "fail": false,
              "pending": false,
              "context": null,
              "code": "var self = this,\n    args = arguments;\nreturn new Promise(function (resolve, reject) {\n  var gen = fn.apply(self, args);\n  function _next(value) {\n    asyncGeneratorStep(gen, resolve, reject, _next, _throw, \"next\", value);\n  }\n  function _throw(err) {\n    asyncGeneratorStep(gen, resolve, reject, _next, _throw, \"throw\", err);\n  }\n  _next(undefined);\n});",
              "err": {},
              "uuid": "88103e06-d156-4821-bebe-d2e03b6b8121",
              "parentUUID": "fc7f03a8-77eb-46c2-89f9-884985a018c8",
              "isHook": false,
              "skipped": false
            },
            {
              "title": "Validate POST method by passing negative value as parameter to side b",
              "fullTitle": "Triangle Calculator POST endpoint test Validate POST method by passing negative value as parameter to side b",
              "timedOut": false,
              "duration": 113,
              "state": "passed",
              "speed": "slow",
              "pass": true,
              "fail": false,
              "pending": false,
              "context": null,
              "code": "var self = this,\n    args = arguments;\nreturn new Promise(function (resolve, reject) {\n  var gen = fn.apply(self, args);\n  function _next(value) {\n    asyncGeneratorStep(gen, resolve, reject, _next, _throw, \"next\", value);\n  }\n  function _throw(err) {\n    asyncGeneratorStep(gen, resolve, reject, _next, _throw, \"throw\", err);\n  }\n  _next(undefined);\n});",
              "err": {},
              "uuid": "cfde2038-758a-4fda-b19f-c764e1db772c",
              "parentUUID": "fc7f03a8-77eb-46c2-89f9-884985a018c8",
              "isHook": false,
              "skipped": false
            },
            {
              "title": "Validate POST method by passing negative value as parameter to side c",
              "fullTitle": "Triangle Calculator POST endpoint test Validate POST method by passing negative value as parameter to side c",
              "timedOut": false,
              "duration": 141,
              "state": "passed",
              "speed": "slow",
              "pass": true,
              "fail": false,
              "pending": false,
              "context": null,
              "code": "var self = this,\n    args = arguments;\nreturn new Promise(function (resolve, reject) {\n  var gen = fn.apply(self, args);\n  function _next(value) {\n    asyncGeneratorStep(gen, resolve, reject, _next, _throw, \"next\", value);\n  }\n  function _throw(err) {\n    asyncGeneratorStep(gen, resolve, reject, _next, _throw, \"throw\", err);\n  }\n  _next(undefined);\n});",
              "err": {},
              "uuid": "b7bc309b-c153-41ba-aea9-4bc77c192b09",
              "parentUUID": "fc7f03a8-77eb-46c2-89f9-884985a018c8",
              "isHook": false,
              "skipped": false
            },
            {
              "title": "Validate POST method by passing ab sides only",
              "fullTitle": "Triangle Calculator POST endpoint test Validate POST method by passing ab sides only",
              "timedOut": false,
              "duration": 116,
              "state": "passed",
              "speed": "slow",
              "pass": true,
              "fail": false,
              "pending": false,
              "context": null,
              "code": "var self = this,\n    args = arguments;\nreturn new Promise(function (resolve, reject) {\n  var gen = fn.apply(self, args);\n  function _next(value) {\n    asyncGeneratorStep(gen, resolve, reject, _next, _throw, \"next\", value);\n  }\n  function _throw(err) {\n    asyncGeneratorStep(gen, resolve, reject, _next, _throw, \"throw\", err);\n  }\n  _next(undefined);\n});",
              "err": {},
              "uuid": "30b5487e-8dde-4d8a-b73d-ed9145188a1b",
              "parentUUID": "fc7f03a8-77eb-46c2-89f9-884985a018c8",
              "isHook": false,
              "skipped": false
            },
            {
              "title": "Validate POST method by passing bc sides only",
              "fullTitle": "Triangle Calculator POST endpoint test Validate POST method by passing bc sides only",
              "timedOut": false,
              "duration": 179,
              "state": "passed",
              "speed": "slow",
              "pass": true,
              "fail": false,
              "pending": false,
              "context": null,
              "code": "var self = this,\n    args = arguments;\nreturn new Promise(function (resolve, reject) {\n  var gen = fn.apply(self, args);\n  function _next(value) {\n    asyncGeneratorStep(gen, resolve, reject, _next, _throw, \"next\", value);\n  }\n  function _throw(err) {\n    asyncGeneratorStep(gen, resolve, reject, _next, _throw, \"throw\", err);\n  }\n  _next(undefined);\n});",
              "err": {},
              "uuid": "1ecb0dc3-635b-4ad4-acd1-24cf6ad1dbc3",
              "parentUUID": "fc7f03a8-77eb-46c2-89f9-884985a018c8",
              "isHook": false,
              "skipped": false
            },
            {
              "title": "Validate POST method by passing ac sides only",
              "fullTitle": "Triangle Calculator POST endpoint test Validate POST method by passing ac sides only",
              "timedOut": false,
              "duration": 131,
              "state": "passed",
              "speed": "slow",
              "pass": true,
              "fail": false,
              "pending": false,
              "context": null,
              "code": "var self = this,\n    args = arguments;\nreturn new Promise(function (resolve, reject) {\n  var gen = fn.apply(self, args);\n  function _next(value) {\n    asyncGeneratorStep(gen, resolve, reject, _next, _throw, \"next\", value);\n  }\n  function _throw(err) {\n    asyncGeneratorStep(gen, resolve, reject, _next, _throw, \"throw\", err);\n  }\n  _next(undefined);\n});",
              "err": {},
              "uuid": "776c472e-b89d-4503-a305-3d3dc63a3eff",
              "parentUUID": "fc7f03a8-77eb-46c2-89f9-884985a018c8",
              "isHook": false,
              "skipped": false
            },
            {
              "title": "Validate POST method by passing empty payload",
              "fullTitle": "Triangle Calculator POST endpoint test Validate POST method by passing empty payload",
              "timedOut": false,
              "duration": 122,
              "state": "passed",
              "speed": "slow",
              "pass": true,
              "fail": false,
              "pending": false,
              "context": null,
              "code": "var self = this,\n    args = arguments;\nreturn new Promise(function (resolve, reject) {\n  var gen = fn.apply(self, args);\n  function _next(value) {\n    asyncGeneratorStep(gen, resolve, reject, _next, _throw, \"next\", value);\n  }\n  function _throw(err) {\n    asyncGeneratorStep(gen, resolve, reject, _next, _throw, \"throw\", err);\n  }\n  _next(undefined);\n});",
              "err": {},
              "uuid": "ba17aad7-b411-428c-afc1-706991d4024c",
              "parentUUID": "fc7f03a8-77eb-46c2-89f9-884985a018c8",
              "isHook": false,
              "skipped": false
            },
            {
              "title": "Validate POST method by passing different attributes",
              "fullTitle": "Triangle Calculator POST endpoint test Validate POST method by passing different attributes",
              "timedOut": false,
              "duration": 116,
              "state": "passed",
              "speed": "slow",
              "pass": true,
              "fail": false,
              "pending": false,
              "context": null,
              "code": "var self = this,\n    args = arguments;\nreturn new Promise(function (resolve, reject) {\n  var gen = fn.apply(self, args);\n  function _next(value) {\n    asyncGeneratorStep(gen, resolve, reject, _next, _throw, \"next\", value);\n  }\n  function _throw(err) {\n    asyncGeneratorStep(gen, resolve, reject, _next, _throw, \"throw\", err);\n  }\n  _next(undefined);\n});",
              "err": {},
              "uuid": "cb1e4685-c165-4015-a231-e1957ec1c45f",
              "parentUUID": "fc7f03a8-77eb-46c2-89f9-884985a018c8",
              "isHook": false,
              "skipped": false
            },
            {
              "title": "Validate triangle type identification using GET method",
              "fullTitle": "Triangle Calculator POST endpoint test Validate triangle type identification using GET method",
              "timedOut": false,
              "duration": 117,
              "state": "passed",
              "speed": "slow",
              "pass": true,
              "fail": false,
              "pending": false,
              "context": null,
              "code": "var self = this,\n    args = arguments;\nreturn new Promise(function (resolve, reject) {\n  var gen = fn.apply(self, args);\n  function _next(value) {\n    asyncGeneratorStep(gen, resolve, reject, _next, _throw, \"next\", value);\n  }\n  function _throw(err) {\n    asyncGeneratorStep(gen, resolve, reject, _next, _throw, \"throw\", err);\n  }\n  _next(undefined);\n});",
              "err": {},
              "uuid": "d55e9075-3619-40b1-b681-3b69e4db8185",
              "parentUUID": "fc7f03a8-77eb-46c2-89f9-884985a018c8",
              "isHook": false,
              "skipped": false
            },
            {
              "title": "Validate triangle type by passing large value to side a",
              "fullTitle": "Triangle Calculator POST endpoint test Validate triangle type by passing large value to side a",
              "timedOut": false,
              "duration": 111,
              "state": "passed",
              "speed": "slow",
              "pass": true,
              "fail": false,
              "pending": false,
              "context": null,
              "code": "var self = this,\n    args = arguments;\nreturn new Promise(function (resolve, reject) {\n  var gen = fn.apply(self, args);\n  function _next(value) {\n    asyncGeneratorStep(gen, resolve, reject, _next, _throw, \"next\", value);\n  }\n  function _throw(err) {\n    asyncGeneratorStep(gen, resolve, reject, _next, _throw, \"throw\", err);\n  }\n  _next(undefined);\n});",
              "err": {},
              "uuid": "088b2bb5-a7d8-4dac-8a2a-745bb2d21fb3",
              "parentUUID": "fc7f03a8-77eb-46c2-89f9-884985a018c8",
              "isHook": false,
              "skipped": false
            },
            {
              "title": "Validate triangle type by passing large value to side b",
              "fullTitle": "Triangle Calculator POST endpoint test Validate triangle type by passing large value to side b",
              "timedOut": false,
              "duration": 113,
              "state": "passed",
              "speed": "slow",
              "pass": true,
              "fail": false,
              "pending": false,
              "context": null,
              "code": "var self = this,\n    args = arguments;\nreturn new Promise(function (resolve, reject) {\n  var gen = fn.apply(self, args);\n  function _next(value) {\n    asyncGeneratorStep(gen, resolve, reject, _next, _throw, \"next\", value);\n  }\n  function _throw(err) {\n    asyncGeneratorStep(gen, resolve, reject, _next, _throw, \"throw\", err);\n  }\n  _next(undefined);\n});",
              "err": {},
              "uuid": "571a80d1-3437-494a-8702-4c70d6d3bd71",
              "parentUUID": "fc7f03a8-77eb-46c2-89f9-884985a018c8",
              "isHook": false,
              "skipped": false
            },
            {
              "title": "Validate triangle type by passing large value to side c",
              "fullTitle": "Triangle Calculator POST endpoint test Validate triangle type by passing large value to side c",
              "timedOut": false,
              "duration": 110,
              "state": "passed",
              "speed": "slow",
              "pass": true,
              "fail": false,
              "pending": false,
              "context": null,
              "code": "var self = this,\n    args = arguments;\nreturn new Promise(function (resolve, reject) {\n  var gen = fn.apply(self, args);\n  function _next(value) {\n    asyncGeneratorStep(gen, resolve, reject, _next, _throw, \"next\", value);\n  }\n  function _throw(err) {\n    asyncGeneratorStep(gen, resolve, reject, _next, _throw, \"throw\", err);\n  }\n  _next(undefined);\n});",
              "err": {},
              "uuid": "3021e963-580c-4d08-82a0-e9931d40813b",
              "parentUUID": "fc7f03a8-77eb-46c2-89f9-884985a018c8",
              "isHook": false,
              "skipped": false
            },
            {
              "title": "Validate triangle type by passing float value to side a",
              "fullTitle": "Triangle Calculator POST endpoint test Validate triangle type by passing float value to side a",
              "timedOut": false,
              "duration": 115,
              "state": "passed",
              "speed": "slow",
              "pass": true,
              "fail": false,
              "pending": false,
              "context": null,
              "code": "var self = this,\n    args = arguments;\nreturn new Promise(function (resolve, reject) {\n  var gen = fn.apply(self, args);\n  function _next(value) {\n    asyncGeneratorStep(gen, resolve, reject, _next, _throw, \"next\", value);\n  }\n  function _throw(err) {\n    asyncGeneratorStep(gen, resolve, reject, _next, _throw, \"throw\", err);\n  }\n  _next(undefined);\n});",
              "err": {},
              "uuid": "2c954524-9de5-4d75-9b45-6849cc1bcf07",
              "parentUUID": "fc7f03a8-77eb-46c2-89f9-884985a018c8",
              "isHook": false,
              "skipped": false
            },
            {
              "title": "Validate triangle type by passing float value to side b",
              "fullTitle": "Triangle Calculator POST endpoint test Validate triangle type by passing float value to side b",
              "timedOut": false,
              "duration": 223,
              "state": "passed",
              "speed": "slow",
              "pass": true,
              "fail": false,
              "pending": false,
              "context": null,
              "code": "var self = this,\n    args = arguments;\nreturn new Promise(function (resolve, reject) {\n  var gen = fn.apply(self, args);\n  function _next(value) {\n    asyncGeneratorStep(gen, resolve, reject, _next, _throw, \"next\", value);\n  }\n  function _throw(err) {\n    asyncGeneratorStep(gen, resolve, reject, _next, _throw, \"throw\", err);\n  }\n  _next(undefined);\n});",
              "err": {},
              "uuid": "67e9373c-b70e-40c4-8163-35605ce27c82",
              "parentUUID": "fc7f03a8-77eb-46c2-89f9-884985a018c8",
              "isHook": false,
              "skipped": false
            },
            {
              "title": "Validate triangle type by passing float value to side c",
              "fullTitle": "Triangle Calculator POST endpoint test Validate triangle type by passing float value to side c",
              "timedOut": false,
              "duration": 119,
              "state": "passed",
              "speed": "slow",
              "pass": true,
              "fail": false,
              "pending": false,
              "context": null,
              "code": "var self = this,\n    args = arguments;\nreturn new Promise(function (resolve, reject) {\n  var gen = fn.apply(self, args);\n  function _next(value) {\n    asyncGeneratorStep(gen, resolve, reject, _next, _throw, \"next\", value);\n  }\n  function _throw(err) {\n    asyncGeneratorStep(gen, resolve, reject, _next, _throw, \"throw\", err);\n  }\n  _next(undefined);\n});",
              "err": {},
              "uuid": "e35ff21a-60e2-4338-9e78-81441bac4f6f",
              "parentUUID": "fc7f03a8-77eb-46c2-89f9-884985a018c8",
              "isHook": false,
              "skipped": false
            },
            {
              "title": "Validate triangle type by passing value zero to side a",
              "fullTitle": "Triangle Calculator POST endpoint test Validate triangle type by passing value zero to side a",
              "timedOut": false,
              "duration": 1121,
              "state": "passed",
              "speed": "slow",
              "pass": true,
              "fail": false,
              "pending": false,
              "context": null,
              "code": "var self = this,\n    args = arguments;\nreturn new Promise(function (resolve, reject) {\n  var gen = fn.apply(self, args);\n  function _next(value) {\n    asyncGeneratorStep(gen, resolve, reject, _next, _throw, \"next\", value);\n  }\n  function _throw(err) {\n    asyncGeneratorStep(gen, resolve, reject, _next, _throw, \"throw\", err);\n  }\n  _next(undefined);\n});",
              "err": {},
              "uuid": "b2f84fbe-f1fb-4f84-8003-2935f25891ed",
              "parentUUID": "fc7f03a8-77eb-46c2-89f9-884985a018c8",
              "isHook": false,
              "skipped": false
            },
            {
              "title": "Validate triangle type by passing value zero to side b",
              "fullTitle": "Triangle Calculator POST endpoint test Validate triangle type by passing value zero to side b",
              "timedOut": false,
              "duration": 127,
              "state": "passed",
              "speed": "slow",
              "pass": true,
              "fail": false,
              "pending": false,
              "context": null,
              "code": "var self = this,\n    args = arguments;\nreturn new Promise(function (resolve, reject) {\n  var gen = fn.apply(self, args);\n  function _next(value) {\n    asyncGeneratorStep(gen, resolve, reject, _next, _throw, \"next\", value);\n  }\n  function _throw(err) {\n    asyncGeneratorStep(gen, resolve, reject, _next, _throw, \"throw\", err);\n  }\n  _next(undefined);\n});",
              "err": {},
              "uuid": "247641fd-da97-4cba-97c9-3fe9318c978b",
              "parentUUID": "fc7f03a8-77eb-46c2-89f9-884985a018c8",
              "isHook": false,
              "skipped": false
            },
            {
              "title": "Validate triangle type by passing value zero to side c",
              "fullTitle": "Triangle Calculator POST endpoint test Validate triangle type by passing value zero to side c",
              "timedOut": false,
              "duration": 107,
              "state": "failed",
              "speed": null,
              "pass": false,
              "fail": true,
              "pending": false,
              "context": null,
              "code": "var self = this,\n    args = arguments;\nreturn new Promise(function (resolve, reject) {\n  var gen = fn.apply(self, args);\n  function _next(value) {\n    asyncGeneratorStep(gen, resolve, reject, _next, _throw, \"next\", value);\n  }\n  function _throw(err) {\n    asyncGeneratorStep(gen, resolve, reject, _next, _throw, \"throw\", err);\n  }\n  _next(undefined);\n});",
              "err": {
                "message": "AssertionError: expected 418 to equal 422",
                "estack": "AssertionError: expected 418 to equal 422\n    at _callee31$ (test/triangle.test.js:237:38)\n    at tryCatch (node_modules/@babel/runtime/helpers/regeneratorRuntime.js:86:17)\n    at Generator._invoke (node_modules/@babel/runtime/helpers/regeneratorRuntime.js:66:24)\n    at Generator.next (node_modules/@babel/runtime/helpers/regeneratorRuntime.js:117:21)\n    at asyncGeneratorStep (node_modules/@babel/runtime/helpers/asyncToGenerator.js:3:24)\n    at _next (node_modules/@babel/runtime/helpers/asyncToGenerator.js:25:9)\n    at processTicksAndRejections (node:internal/process/task_queues:96:5)",
                "diff": "- 418\n+ 422\n"
              },
              "uuid": "c10c565e-c53f-497b-81cc-ea82b2a9d549",
              "parentUUID": "fc7f03a8-77eb-46c2-89f9-884985a018c8",
              "isHook": false,
              "skipped": false
            },
            {
              "title": "Validate triangle type without sending the payload",
              "fullTitle": "Triangle Calculator POST endpoint test Validate triangle type without sending the payload",
              "timedOut": false,
              "duration": 107,
              "state": "passed",
              "speed": "slow",
              "pass": true,
              "fail": false,
              "pending": false,
              "context": null,
              "code": "var self = this,\n    args = arguments;\nreturn new Promise(function (resolve, reject) {\n  var gen = fn.apply(self, args);\n  function _next(value) {\n    asyncGeneratorStep(gen, resolve, reject, _next, _throw, \"next\", value);\n  }\n  function _throw(err) {\n    asyncGeneratorStep(gen, resolve, reject, _next, _throw, \"throw\", err);\n  }\n  _next(undefined);\n});",
              "err": {},
              "uuid": "16f407c5-7af0-4b52-98da-c4716ecd3a1d",
              "parentUUID": "fc7f03a8-77eb-46c2-89f9-884985a018c8",
              "isHook": false,
              "skipped": false
            }
          ],
          "suites": [],
          "passes": [
            "8a322b49-b526-45ba-bc2f-733f32cea430",
            "caad1207-2645-4716-bf22-85f32e828b32",
            "07c8cd25-7974-487a-8ebd-be128fb3a375",
            "6e723b10-bc1a-4f3a-a4c9-5aab58c559e4",
            "6811d7ce-1499-47bc-8c52-ae9cfddfe4b8",
            "28ffe286-21b4-41a4-a20a-fa3e038a5142",
            "3056b865-7551-41e4-82e5-fd81031fd190",
            "b1fe26af-e601-48d5-b073-ba544d674faa",
            "b83551c8-ad47-4159-992d-340760a8e416",
            "1fd4170b-bbf2-43da-af03-af5d7972ed82",
            "437fdc40-ee22-4e91-bc62-806229171231",
            "1fd2c93b-dc11-415e-8619-39a8543858c6",
            "88103e06-d156-4821-bebe-d2e03b6b8121",
            "cfde2038-758a-4fda-b19f-c764e1db772c",
            "b7bc309b-c153-41ba-aea9-4bc77c192b09",
            "30b5487e-8dde-4d8a-b73d-ed9145188a1b",
            "1ecb0dc3-635b-4ad4-acd1-24cf6ad1dbc3",
            "776c472e-b89d-4503-a305-3d3dc63a3eff",
            "ba17aad7-b411-428c-afc1-706991d4024c",
            "cb1e4685-c165-4015-a231-e1957ec1c45f",
            "d55e9075-3619-40b1-b681-3b69e4db8185",
            "088b2bb5-a7d8-4dac-8a2a-745bb2d21fb3",
            "571a80d1-3437-494a-8702-4c70d6d3bd71",
            "3021e963-580c-4d08-82a0-e9931d40813b",
            "2c954524-9de5-4d75-9b45-6849cc1bcf07",
            "67e9373c-b70e-40c4-8163-35605ce27c82",
            "e35ff21a-60e2-4338-9e78-81441bac4f6f",
            "b2f84fbe-f1fb-4f84-8003-2935f25891ed",
            "247641fd-da97-4cba-97c9-3fe9318c978b",
            "16f407c5-7af0-4b52-98da-c4716ecd3a1d"
          ],
          "failures": [
            "da37843a-8273-47bb-b8e4-cd35f3e19b36",
            "c10c565e-c53f-497b-81cc-ea82b2a9d549"
          ],
          "pending": [],
          "skipped": [],
          "duration": 5099,
          "root": false,
          "rootEmpty": false,
          "_timeout": 5000
        },
        {
          "uuid": "6f7fa03b-1b74-4bd3-85cf-e628c3dbb1ed",
          "title": "Triangle Calculator GET/version endpoint test",
          "fullFile": "/Users/owner/WithSecure/TriangleCalculatorTest/test/version.test.js",
          "file": "/test/version.test.js",
          "beforeHooks": [],
          "afterHooks": [],
          "tests": [
            {
              "title": "Validate status code of the GET/version endpoint",
              "fullTitle": "Triangle Calculator GET/version endpoint test Validate status code of the GET/version endpoint",
              "timedOut": false,
              "duration": 132,
              "state": "passed",
              "speed": "slow",
              "pass": true,
              "fail": false,
              "pending": false,
              "context": null,
              "code": "var self = this,\n    args = arguments;\nreturn new Promise(function (resolve, reject) {\n  var gen = fn.apply(self, args);\n  function _next(value) {\n    asyncGeneratorStep(gen, resolve, reject, _next, _throw, \"next\", value);\n  }\n  function _throw(err) {\n    asyncGeneratorStep(gen, resolve, reject, _next, _throw, \"throw\", err);\n  }\n  _next(undefined);\n});",
              "err": {},
              "uuid": "e2168f73-aa47-4406-9e45-1b93a9300bf5",
              "parentUUID": "6f7fa03b-1b74-4bd3-85cf-e628c3dbb1ed",
              "isHook": false,
              "skipped": false
            },
            {
              "title": "Validate response message of the GET/version endpoint",
              "fullTitle": "Triangle Calculator GET/version endpoint test Validate response message of the GET/version endpoint",
              "timedOut": false,
              "duration": 112,
              "state": "passed",
              "speed": "slow",
              "pass": true,
              "fail": false,
              "pending": false,
              "context": null,
              "code": "var self = this,\n    args = arguments;\nreturn new Promise(function (resolve, reject) {\n  var gen = fn.apply(self, args);\n  function _next(value) {\n    asyncGeneratorStep(gen, resolve, reject, _next, _throw, \"next\", value);\n  }\n  function _throw(err) {\n    asyncGeneratorStep(gen, resolve, reject, _next, _throw, \"throw\", err);\n  }\n  _next(undefined);\n});",
              "err": {},
              "uuid": "6e2b4b50-9e86-4806-883c-a1d6f2593387",
              "parentUUID": "6f7fa03b-1b74-4bd3-85cf-e628c3dbb1ed",
              "isHook": false,
              "skipped": false
            },
            {
              "title": "Validate data type of the GET/version response",
              "fullTitle": "Triangle Calculator GET/version endpoint test Validate data type of the GET/version response",
              "timedOut": false,
              "duration": 105,
              "state": "passed",
              "speed": "slow",
              "pass": true,
              "fail": false,
              "pending": false,
              "context": null,
              "code": "var self = this,\n    args = arguments;\nreturn new Promise(function (resolve, reject) {\n  var gen = fn.apply(self, args);\n  function _next(value) {\n    asyncGeneratorStep(gen, resolve, reject, _next, _throw, \"next\", value);\n  }\n  function _throw(err) {\n    asyncGeneratorStep(gen, resolve, reject, _next, _throw, \"throw\", err);\n  }\n  _next(undefined);\n});",
              "err": {},
              "uuid": "26efaf2a-7404-4859-838e-67d2a8a0c182",
              "parentUUID": "6f7fa03b-1b74-4bd3-85cf-e628c3dbb1ed",
              "isHook": false,
              "skipped": false
            },
            {
              "title": "Validate response type of the GET/version endpoint",
              "fullTitle": "Triangle Calculator GET/version endpoint test Validate response type of the GET/version endpoint",
              "timedOut": false,
              "duration": 106,
              "state": "passed",
              "speed": "slow",
              "pass": true,
              "fail": false,
              "pending": false,
              "context": null,
              "code": "var self = this,\n    args = arguments;\nreturn new Promise(function (resolve, reject) {\n  var gen = fn.apply(self, args);\n  function _next(value) {\n    asyncGeneratorStep(gen, resolve, reject, _next, _throw, \"next\", value);\n  }\n  function _throw(err) {\n    asyncGeneratorStep(gen, resolve, reject, _next, _throw, \"throw\", err);\n  }\n  _next(undefined);\n});",
              "err": {},
              "uuid": "8814387f-9b80-43b8-bb72-38033d5caa83",
              "parentUUID": "6f7fa03b-1b74-4bd3-85cf-e628c3dbb1ed",
              "isHook": false,
              "skipped": false
            },
            {
              "title": "Validate version endpoint response using POST method",
              "fullTitle": "Triangle Calculator GET/version endpoint test Validate version endpoint response using POST method",
              "timedOut": false,
              "duration": 114,
              "state": "passed",
              "speed": "slow",
              "pass": true,
              "fail": false,
              "pending": false,
              "context": null,
              "code": "var self = this,\n    args = arguments;\nreturn new Promise(function (resolve, reject) {\n  var gen = fn.apply(self, args);\n  function _next(value) {\n    asyncGeneratorStep(gen, resolve, reject, _next, _throw, \"next\", value);\n  }\n  function _throw(err) {\n    asyncGeneratorStep(gen, resolve, reject, _next, _throw, \"throw\", err);\n  }\n  _next(undefined);\n});",
              "err": {},
              "uuid": "b38c1b63-84e7-4ed0-8ba4-d7185b4c073e",
              "parentUUID": "6f7fa03b-1b74-4bd3-85cf-e628c3dbb1ed",
              "isHook": false,
              "skipped": false
            },
            {
              "title": "Validate version endpoint response using PATCH method",
              "fullTitle": "Triangle Calculator GET/version endpoint test Validate version endpoint response using PATCH method",
              "timedOut": false,
              "duration": 114,
              "state": "passed",
              "speed": "slow",
              "pass": true,
              "fail": false,
              "pending": false,
              "context": null,
              "code": "var self = this,\n    args = arguments;\nreturn new Promise(function (resolve, reject) {\n  var gen = fn.apply(self, args);\n  function _next(value) {\n    asyncGeneratorStep(gen, resolve, reject, _next, _throw, \"next\", value);\n  }\n  function _throw(err) {\n    asyncGeneratorStep(gen, resolve, reject, _next, _throw, \"throw\", err);\n  }\n  _next(undefined);\n});",
              "err": {},
              "uuid": "7d9c43b7-3934-4b79-a929-124696411dcd",
              "parentUUID": "6f7fa03b-1b74-4bd3-85cf-e628c3dbb1ed",
              "isHook": false,
              "skipped": false
            },
            {
              "title": "Validate version endpoint response without defining the URN",
              "fullTitle": "Triangle Calculator GET/version endpoint test Validate version endpoint response without defining the URN",
              "timedOut": false,
              "duration": 117,
              "state": "passed",
              "speed": "slow",
              "pass": true,
              "fail": false,
              "pending": false,
              "context": null,
              "code": "var self = this,\n    args = arguments;\nreturn new Promise(function (resolve, reject) {\n  var gen = fn.apply(self, args);\n  function _next(value) {\n    asyncGeneratorStep(gen, resolve, reject, _next, _throw, \"next\", value);\n  }\n  function _throw(err) {\n    asyncGeneratorStep(gen, resolve, reject, _next, _throw, \"throw\", err);\n  }\n  _next(undefined);\n});",
              "err": {},
              "uuid": "7b4ea65a-a49b-4e3d-a99c-f3da73c3b212",
              "parentUUID": "6f7fa03b-1b74-4bd3-85cf-e628c3dbb1ed",
              "isHook": false,
              "skipped": false
            }
          ],
          "suites": [],
          "passes": [
            "e2168f73-aa47-4406-9e45-1b93a9300bf5",
            "6e2b4b50-9e86-4806-883c-a1d6f2593387",
            "26efaf2a-7404-4859-838e-67d2a8a0c182",
            "8814387f-9b80-43b8-bb72-38033d5caa83",
            "b38c1b63-84e7-4ed0-8ba4-d7185b4c073e",
            "7d9c43b7-3934-4b79-a929-124696411dcd",
            "7b4ea65a-a49b-4e3d-a99c-f3da73c3b212"
          ],
          "failures": [],
          "pending": [],
          "skipped": [],
          "duration": 800,
          "root": false,
          "rootEmpty": false,
          "_timeout": 5000
        }
      ],
      "passes": [],
      "failures": [],
      "pending": [],
      "skipped": [],
      "duration": 0,
      "root": true,
      "rootEmpty": true,
      "_timeout": 5000
    }
  ],
  "meta": {
    "mocha": {
      "version": "10.0.0"
    },
    "mochawesome": {
      "options": {
        "quiet": false,
        "reportFilename": "mochawesome",
        "saveHtml": true,
        "saveJson": true,
        "consoleReporter": "spec",
        "useInlineDiffs": false,
        "code": true
      },
      "version": "7.1.3"
    },
    "marge": {
      "options": null,
      "version": "6.2.0"
    }
  }
}