{
  "stats": {
    "suites": 2,
    "tests": 24,
    "passes": 21,
    "pending": 0,
    "failures": 3,
    "start": "2022-08-27T12:05:04.503Z",
    "end": "2022-08-27T12:05:07.461Z",
    "duration": 2958,
    "testsRegistered": 24,
    "passPercent": 87.5,
    "pendingPercent": 0,
    "other": 0,
    "hasOther": false,
    "skipped": 0,
    "hasSkipped": false
  },
  "results": [
    {
      "uuid": "4dc81896-5b26-404e-aafd-aae55d8a10b3",
      "title": "",
      "fullFile": "",
      "file": "",
      "beforeHooks": [],
      "afterHooks": [],
      "tests": [],
      "suites": [
        {
          "uuid": "af4abcbe-a2c1-4942-b93a-3d4ac8b58b6a",
          "title": "Triangle Calculator POST endpoint test",
          "fullFile": "/Users/owner/WithSecure/TriangleCalculatorTest/test/triangle.test.js",
          "file": "/test/triangle.test.js",
          "beforeHooks": [],
          "afterHooks": [],
          "tests": [
            {
              "title": "Validate equilateral triangle status",
              "fullTitle": "Triangle Calculator POST endpoint test Validate equilateral triangle status",
              "timedOut": false,
              "duration": 197,
              "state": "passed",
              "speed": "slow",
              "pass": true,
              "fail": false,
              "pending": false,
              "context": null,
              "code": "var self = this,\n    args = arguments;\nreturn new Promise(function (resolve, reject) {\n  var gen = fn.apply(self, args);\n  function _next(value) {\n    asyncGeneratorStep(gen, resolve, reject, _next, _throw, \"next\", value);\n  }\n  function _throw(err) {\n    asyncGeneratorStep(gen, resolve, reject, _next, _throw, \"throw\", err);\n  }\n  _next(undefined);\n});",
              "err": {},
              "uuid": "11f9d088-5df8-4c9a-aa0e-ab460dc88c45",
              "parentUUID": "af4abcbe-a2c1-4942-b93a-3d4ac8b58b6a",
              "isHook": false,
              "skipped": false
            },
            {
              "title": "Validate isosceles triangle status",
              "fullTitle": "Triangle Calculator POST endpoint test Validate isosceles triangle status",
              "timedOut": false,
              "duration": 136,
              "state": "failed",
              "speed": null,
              "pass": false,
              "fail": true,
              "pending": false,
              "context": null,
              "code": "var self = this,\n    args = arguments;\nreturn new Promise(function (resolve, reject) {\n  var gen = fn.apply(self, args);\n  function _next(value) {\n    asyncGeneratorStep(gen, resolve, reject, _next, _throw, \"next\", value);\n  }\n  function _throw(err) {\n    asyncGeneratorStep(gen, resolve, reject, _next, _throw, \"throw\", err);\n  }\n  _next(undefined);\n});",
              "err": {
                "message": "AssertionError: expected 201 to equal 200",
                "estack": "AssertionError: expected 201 to equal 200\n    at _callee2$ (test/triangle.test.js:20:38)\n    at tryCatch (node_modules/@babel/runtime/helpers/regeneratorRuntime.js:86:17)\n    at Generator._invoke (node_modules/@babel/runtime/helpers/regeneratorRuntime.js:66:24)\n    at Generator.next (node_modules/@babel/runtime/helpers/regeneratorRuntime.js:117:21)\n    at asyncGeneratorStep (node_modules/@babel/runtime/helpers/asyncToGenerator.js:3:24)\n    at _next (node_modules/@babel/runtime/helpers/asyncToGenerator.js:25:9)\n    at processTicksAndRejections (node:internal/process/task_queues:96:5)",
                "diff": "- 201\n+ 200\n"
              },
              "uuid": "099c14a6-f435-42e3-a4b9-08a73b4ae205",
              "parentUUID": "af4abcbe-a2c1-4942-b93a-3d4ac8b58b6a",
              "isHook": false,
              "skipped": false
            },
            {
              "title": "Validate versatile triangle status",
              "fullTitle": "Triangle Calculator POST endpoint test Validate versatile triangle status",
              "timedOut": false,
              "duration": 115,
              "state": "passed",
              "speed": "slow",
              "pass": true,
              "fail": false,
              "pending": false,
              "context": null,
              "code": "var self = this,\n    args = arguments;\nreturn new Promise(function (resolve, reject) {\n  var gen = fn.apply(self, args);\n  function _next(value) {\n    asyncGeneratorStep(gen, resolve, reject, _next, _throw, \"next\", value);\n  }\n  function _throw(err) {\n    asyncGeneratorStep(gen, resolve, reject, _next, _throw, \"throw\", err);\n  }\n  _next(undefined);\n});",
              "err": {},
              "uuid": "9cd824cc-a65b-4195-a05b-db06e08a6cd0",
              "parentUUID": "af4abcbe-a2c1-4942-b93a-3d4ac8b58b6a",
              "isHook": false,
              "skipped": false
            },
            {
              "title": "Validate equilateral triangle type identification result",
              "fullTitle": "Triangle Calculator POST endpoint test Validate equilateral triangle type identification result",
              "timedOut": false,
              "duration": 109,
              "state": "passed",
              "speed": "slow",
              "pass": true,
              "fail": false,
              "pending": false,
              "context": null,
              "code": "var self = this,\n    args = arguments;\nreturn new Promise(function (resolve, reject) {\n  var gen = fn.apply(self, args);\n  function _next(value) {\n    asyncGeneratorStep(gen, resolve, reject, _next, _throw, \"next\", value);\n  }\n  function _throw(err) {\n    asyncGeneratorStep(gen, resolve, reject, _next, _throw, \"throw\", err);\n  }\n  _next(undefined);\n});",
              "err": {},
              "uuid": "f6d52f46-9d9d-4fce-ac5b-1003edde1948",
              "parentUUID": "af4abcbe-a2c1-4942-b93a-3d4ac8b58b6a",
              "isHook": false,
              "skipped": false
            },
            {
              "title": "Validate isosceles triangle type identification result",
              "fullTitle": "Triangle Calculator POST endpoint test Validate isosceles triangle type identification result",
              "timedOut": false,
              "duration": 108,
              "state": "passed",
              "speed": "slow",
              "pass": true,
              "fail": false,
              "pending": false,
              "context": null,
              "code": "var self = this,\n    args = arguments;\nreturn new Promise(function (resolve, reject) {\n  var gen = fn.apply(self, args);\n  function _next(value) {\n    asyncGeneratorStep(gen, resolve, reject, _next, _throw, \"next\", value);\n  }\n  function _throw(err) {\n    asyncGeneratorStep(gen, resolve, reject, _next, _throw, \"throw\", err);\n  }\n  _next(undefined);\n});",
              "err": {},
              "uuid": "befc6ba1-4d60-4b40-924d-a44fd05e22e0",
              "parentUUID": "af4abcbe-a2c1-4942-b93a-3d4ac8b58b6a",
              "isHook": false,
              "skipped": false
            },
            {
              "title": "Validate versatile triangle type identification result",
              "fullTitle": "Triangle Calculator POST endpoint test Validate versatile triangle type identification result",
              "timedOut": false,
              "duration": 137,
              "state": "passed",
              "speed": "slow",
              "pass": true,
              "fail": false,
              "pending": false,
              "context": null,
              "code": "var self = this,\n    args = arguments;\nreturn new Promise(function (resolve, reject) {\n  var gen = fn.apply(self, args);\n  function _next(value) {\n    asyncGeneratorStep(gen, resolve, reject, _next, _throw, \"next\", value);\n  }\n  function _throw(err) {\n    asyncGeneratorStep(gen, resolve, reject, _next, _throw, \"throw\", err);\n  }\n  _next(undefined);\n});",
              "err": {},
              "uuid": "64b657d2-8038-4dd7-84fe-d48caec22457",
              "parentUUID": "af4abcbe-a2c1-4942-b93a-3d4ac8b58b6a",
              "isHook": false,
              "skipped": false
            },
            {
              "title": "Validate response when sum of any 2 sides less than the 3rd",
              "fullTitle": "Triangle Calculator POST endpoint test Validate response when sum of any 2 sides less than the 3rd",
              "timedOut": false,
              "duration": 115,
              "state": "passed",
              "speed": "slow",
              "pass": true,
              "fail": false,
              "pending": false,
              "context": null,
              "code": "var self = this,\n    args = arguments;\nreturn new Promise(function (resolve, reject) {\n  var gen = fn.apply(self, args);\n  function _next(value) {\n    asyncGeneratorStep(gen, resolve, reject, _next, _throw, \"next\", value);\n  }\n  function _throw(err) {\n    asyncGeneratorStep(gen, resolve, reject, _next, _throw, \"throw\", err);\n  }\n  _next(undefined);\n});",
              "err": {},
              "uuid": "0ca10cbd-9eff-4472-96e1-d56eda31cbee",
              "parentUUID": "af4abcbe-a2c1-4942-b93a-3d4ac8b58b6a",
              "isHook": false,
              "skipped": false
            },
            {
              "title": "Validate POST method by passing special charactors as parameters",
              "fullTitle": "Triangle Calculator POST endpoint test Validate POST method by passing special charactors as parameters",
              "timedOut": false,
              "duration": 120,
              "state": "passed",
              "speed": "slow",
              "pass": true,
              "fail": false,
              "pending": false,
              "context": null,
              "code": "var self = this,\n    args = arguments;\nreturn new Promise(function (resolve, reject) {\n  var gen = fn.apply(self, args);\n  function _next(value) {\n    asyncGeneratorStep(gen, resolve, reject, _next, _throw, \"next\", value);\n  }\n  function _throw(err) {\n    asyncGeneratorStep(gen, resolve, reject, _next, _throw, \"throw\", err);\n  }\n  _next(undefined);\n});",
              "err": {},
              "uuid": "3152d534-b71b-45f2-a4f0-2cf7dfbaa0d3",
              "parentUUID": "af4abcbe-a2c1-4942-b93a-3d4ac8b58b6a",
              "isHook": false,
              "skipped": false
            },
            {
              "title": "Validate POST method by passing string values as parameters",
              "fullTitle": "Triangle Calculator POST endpoint test Validate POST method by passing string values as parameters",
              "timedOut": false,
              "duration": 124,
              "state": "passed",
              "speed": "slow",
              "pass": true,
              "fail": false,
              "pending": false,
              "context": null,
              "code": "var self = this,\n    args = arguments;\nreturn new Promise(function (resolve, reject) {\n  var gen = fn.apply(self, args);\n  function _next(value) {\n    asyncGeneratorStep(gen, resolve, reject, _next, _throw, \"next\", value);\n  }\n  function _throw(err) {\n    asyncGeneratorStep(gen, resolve, reject, _next, _throw, \"throw\", err);\n  }\n  _next(undefined);\n});",
              "err": {},
              "uuid": "e25e461a-29af-486d-9205-067648b4f129",
              "parentUUID": "af4abcbe-a2c1-4942-b93a-3d4ac8b58b6a",
              "isHook": false,
              "skipped": false
            },
            {
              "title": "Validate POST method by passing negative values as parameters",
              "fullTitle": "Triangle Calculator POST endpoint test Validate POST method by passing negative values as parameters",
              "timedOut": false,
              "duration": 112,
              "state": "passed",
              "speed": "slow",
              "pass": true,
              "fail": false,
              "pending": false,
              "context": null,
              "code": "var self = this,\n    args = arguments;\nreturn new Promise(function (resolve, reject) {\n  var gen = fn.apply(self, args);\n  function _next(value) {\n    asyncGeneratorStep(gen, resolve, reject, _next, _throw, \"next\", value);\n  }\n  function _throw(err) {\n    asyncGeneratorStep(gen, resolve, reject, _next, _throw, \"throw\", err);\n  }\n  _next(undefined);\n});",
              "err": {},
              "uuid": "7abbab39-e477-421d-9d74-cbdf21939db8",
              "parentUUID": "af4abcbe-a2c1-4942-b93a-3d4ac8b58b6a",
              "isHook": false,
              "skipped": false
            },
            {
              "title": "Validate POST method by passing only two sides",
              "fullTitle": "Triangle Calculator POST endpoint test Validate POST method by passing only two sides",
              "timedOut": false,
              "duration": 111,
              "state": "passed",
              "speed": "slow",
              "pass": true,
              "fail": false,
              "pending": false,
              "context": null,
              "code": "var self = this,\n    args = arguments;\nreturn new Promise(function (resolve, reject) {\n  var gen = fn.apply(self, args);\n  function _next(value) {\n    asyncGeneratorStep(gen, resolve, reject, _next, _throw, \"next\", value);\n  }\n  function _throw(err) {\n    asyncGeneratorStep(gen, resolve, reject, _next, _throw, \"throw\", err);\n  }\n  _next(undefined);\n});",
              "err": {},
              "uuid": "14887d40-fd7a-4f4d-924f-156526b14b12",
              "parentUUID": "af4abcbe-a2c1-4942-b93a-3d4ac8b58b6a",
              "isHook": false,
              "skipped": false
            },
            {
              "title": "Validate POST method by passing empty payload",
              "fullTitle": "Triangle Calculator POST endpoint test Validate POST method by passing empty payload",
              "timedOut": false,
              "duration": 149,
              "state": "passed",
              "speed": "slow",
              "pass": true,
              "fail": false,
              "pending": false,
              "context": null,
              "code": "var self = this,\n    args = arguments;\nreturn new Promise(function (resolve, reject) {\n  var gen = fn.apply(self, args);\n  function _next(value) {\n    asyncGeneratorStep(gen, resolve, reject, _next, _throw, \"next\", value);\n  }\n  function _throw(err) {\n    asyncGeneratorStep(gen, resolve, reject, _next, _throw, \"throw\", err);\n  }\n  _next(undefined);\n});",
              "err": {},
              "uuid": "679840b9-7dfb-4e20-aee8-f945daf2b6eb",
              "parentUUID": "af4abcbe-a2c1-4942-b93a-3d4ac8b58b6a",
              "isHook": false,
              "skipped": false
            },
            {
              "title": "Validate POST method by passing different attributes",
              "fullTitle": "Triangle Calculator POST endpoint test Validate POST method by passing different attributes",
              "timedOut": false,
              "duration": 120,
              "state": "passed",
              "speed": "slow",
              "pass": true,
              "fail": false,
              "pending": false,
              "context": null,
              "code": "var self = this,\n    args = arguments;\nreturn new Promise(function (resolve, reject) {\n  var gen = fn.apply(self, args);\n  function _next(value) {\n    asyncGeneratorStep(gen, resolve, reject, _next, _throw, \"next\", value);\n  }\n  function _throw(err) {\n    asyncGeneratorStep(gen, resolve, reject, _next, _throw, \"throw\", err);\n  }\n  _next(undefined);\n});",
              "err": {},
              "uuid": "e46aa052-1759-4a4a-b3ae-7ea872d1c546",
              "parentUUID": "af4abcbe-a2c1-4942-b93a-3d4ac8b58b6a",
              "isHook": false,
              "skipped": false
            },
            {
              "title": "Validate triangle type identification using GET method",
              "fullTitle": "Triangle Calculator POST endpoint test Validate triangle type identification using GET method",
              "timedOut": false,
              "duration": 111,
              "state": "passed",
              "speed": "slow",
              "pass": true,
              "fail": false,
              "pending": false,
              "context": null,
              "code": "var self = this,\n    args = arguments;\nreturn new Promise(function (resolve, reject) {\n  var gen = fn.apply(self, args);\n  function _next(value) {\n    asyncGeneratorStep(gen, resolve, reject, _next, _throw, \"next\", value);\n  }\n  function _throw(err) {\n    asyncGeneratorStep(gen, resolve, reject, _next, _throw, \"throw\", err);\n  }\n  _next(undefined);\n});",
              "err": {},
              "uuid": "5d7705a4-7b05-46ca-97ce-f77a37fe6280",
              "parentUUID": "af4abcbe-a2c1-4942-b93a-3d4ac8b58b6a",
              "isHook": false,
              "skipped": false
            },
            {
              "title": "Validate triangle type by passing large value",
              "fullTitle": "Triangle Calculator POST endpoint test Validate triangle type by passing large value",
              "timedOut": false,
              "duration": 110,
              "state": "passed",
              "speed": "slow",
              "pass": true,
              "fail": false,
              "pending": false,
              "context": null,
              "code": "var self = this,\n    args = arguments;\nreturn new Promise(function (resolve, reject) {\n  var gen = fn.apply(self, args);\n  function _next(value) {\n    asyncGeneratorStep(gen, resolve, reject, _next, _throw, \"next\", value);\n  }\n  function _throw(err) {\n    asyncGeneratorStep(gen, resolve, reject, _next, _throw, \"throw\", err);\n  }\n  _next(undefined);\n});",
              "err": {},
              "uuid": "75c988ed-5969-4763-8ef6-30591d2982e4",
              "parentUUID": "af4abcbe-a2c1-4942-b93a-3d4ac8b58b6a",
              "isHook": false,
              "skipped": false
            },
            {
              "title": "Validate triangle type by passing float value",
              "fullTitle": "Triangle Calculator POST endpoint test Validate triangle type by passing float value",
              "timedOut": false,
              "duration": 112,
              "state": "passed",
              "speed": "slow",
              "pass": true,
              "fail": false,
              "pending": false,
              "context": null,
              "code": "var self = this,\n    args = arguments;\nreturn new Promise(function (resolve, reject) {\n  var gen = fn.apply(self, args);\n  function _next(value) {\n    asyncGeneratorStep(gen, resolve, reject, _next, _throw, \"next\", value);\n  }\n  function _throw(err) {\n    asyncGeneratorStep(gen, resolve, reject, _next, _throw, \"throw\", err);\n  }\n  _next(undefined);\n});",
              "err": {},
              "uuid": "16b68f5a-80a9-4f82-b3a4-d6395e2e6e30",
              "parentUUID": "af4abcbe-a2c1-4942-b93a-3d4ac8b58b6a",
              "isHook": false,
              "skipped": false
            },
            {
              "title": "Validate triangle type by passing side value as zero",
              "fullTitle": "Triangle Calculator POST endpoint test Validate triangle type by passing side value as zero",
              "timedOut": false,
              "duration": 132,
              "state": "passed",
              "speed": "slow",
              "pass": true,
              "fail": false,
              "pending": false,
              "context": null,
              "code": "var self = this,\n    args = arguments;\nreturn new Promise(function (resolve, reject) {\n  var gen = fn.apply(self, args);\n  function _next(value) {\n    asyncGeneratorStep(gen, resolve, reject, _next, _throw, \"next\", value);\n  }\n  function _throw(err) {\n    asyncGeneratorStep(gen, resolve, reject, _next, _throw, \"throw\", err);\n  }\n  _next(undefined);\n});",
              "err": {},
              "uuid": "457d1816-2b36-4cac-a76f-1786ef611251",
              "parentUUID": "af4abcbe-a2c1-4942-b93a-3d4ac8b58b6a",
              "isHook": false,
              "skipped": false
            },
            {
              "title": "Validate triangle type without sending the payload",
              "fullTitle": "Triangle Calculator POST endpoint test Validate triangle type without sending the payload",
              "timedOut": false,
              "duration": 110,
              "state": "passed",
              "speed": "slow",
              "pass": true,
              "fail": false,
              "pending": false,
              "context": null,
              "code": "var self = this,\n    args = arguments;\nreturn new Promise(function (resolve, reject) {\n  var gen = fn.apply(self, args);\n  function _next(value) {\n    asyncGeneratorStep(gen, resolve, reject, _next, _throw, \"next\", value);\n  }\n  function _throw(err) {\n    asyncGeneratorStep(gen, resolve, reject, _next, _throw, \"throw\", err);\n  }\n  _next(undefined);\n});",
              "err": {},
              "uuid": "c77dc9e3-a6b0-45cc-aac6-6ec57bd67651",
              "parentUUID": "af4abcbe-a2c1-4942-b93a-3d4ac8b58b6a",
              "isHook": false,
              "skipped": false
            }
          ],
          "suites": [],
          "passes": [
            "11f9d088-5df8-4c9a-aa0e-ab460dc88c45",
            "9cd824cc-a65b-4195-a05b-db06e08a6cd0",
            "f6d52f46-9d9d-4fce-ac5b-1003edde1948",
            "befc6ba1-4d60-4b40-924d-a44fd05e22e0",
            "64b657d2-8038-4dd7-84fe-d48caec22457",
            "0ca10cbd-9eff-4472-96e1-d56eda31cbee",
            "3152d534-b71b-45f2-a4f0-2cf7dfbaa0d3",
            "e25e461a-29af-486d-9205-067648b4f129",
            "7abbab39-e477-421d-9d74-cbdf21939db8",
            "14887d40-fd7a-4f4d-924f-156526b14b12",
            "679840b9-7dfb-4e20-aee8-f945daf2b6eb",
            "e46aa052-1759-4a4a-b3ae-7ea872d1c546",
            "5d7705a4-7b05-46ca-97ce-f77a37fe6280",
            "75c988ed-5969-4763-8ef6-30591d2982e4",
            "16b68f5a-80a9-4f82-b3a4-d6395e2e6e30",
            "457d1816-2b36-4cac-a76f-1786ef611251",
            "c77dc9e3-a6b0-45cc-aac6-6ec57bd67651"
          ],
          "failures": [
            "099c14a6-f435-42e3-a4b9-08a73b4ae205"
          ],
          "pending": [],
          "skipped": [],
          "duration": 2228,
          "root": false,
          "rootEmpty": false,
          "_timeout": 5000
        },
        {
          "uuid": "6ec17d98-b337-4cbb-b58d-7e46309b0843",
          "title": "Triangle Calculator GET/version endpoint test",
          "fullFile": "/Users/owner/WithSecure/TriangleCalculatorTest/test/version.test.js",
          "file": "/test/version.test.js",
          "beforeHooks": [],
          "afterHooks": [],
          "tests": [
            {
              "title": "Validate status code of the GET/version endpoint",
              "fullTitle": "Triangle Calculator GET/version endpoint test Validate status code of the GET/version endpoint",
              "timedOut": false,
              "duration": 111,
              "state": "failed",
              "speed": null,
              "pass": false,
              "fail": true,
              "pending": false,
              "context": null,
              "code": "var self = this,\n    args = arguments;\nreturn new Promise(function (resolve, reject) {\n  var gen = fn.apply(self, args);\n  function _next(value) {\n    asyncGeneratorStep(gen, resolve, reject, _next, _throw, \"next\", value);\n  }\n  function _throw(err) {\n    asyncGeneratorStep(gen, resolve, reject, _next, _throw, \"throw\", err);\n  }\n  _next(undefined);\n});",
              "err": {
                "message": "AssertionError: expected 400 to equal 200",
                "estack": "AssertionError: expected 400 to equal 200\n    at _callee$ (test/version.test.js:10:38)\n    at tryCatch (node_modules/@babel/runtime/helpers/regeneratorRuntime.js:86:17)\n    at Generator._invoke (node_modules/@babel/runtime/helpers/regeneratorRuntime.js:66:24)\n    at Generator.next (node_modules/@babel/runtime/helpers/regeneratorRuntime.js:117:21)\n    at asyncGeneratorStep (node_modules/@babel/runtime/helpers/asyncToGenerator.js:3:24)\n    at _next (node_modules/@babel/runtime/helpers/asyncToGenerator.js:25:9)\n    at processTicksAndRejections (node:internal/process/task_queues:96:5)",
                "diff": "- 400\n+ 200\n"
              },
              "uuid": "7b867115-951a-4fbc-8acf-6cd782451ee7",
              "parentUUID": "6ec17d98-b337-4cbb-b58d-7e46309b0843",
              "isHook": false,
              "skipped": false
            },
            {
              "title": "Validate response message of the GET/version endpoint",
              "fullTitle": "Triangle Calculator GET/version endpoint test Validate response message of the GET/version endpoint",
              "timedOut": false,
              "duration": 129,
              "state": "passed",
              "speed": "slow",
              "pass": true,
              "fail": false,
              "pending": false,
              "context": null,
              "code": "var self = this,\n    args = arguments;\nreturn new Promise(function (resolve, reject) {\n  var gen = fn.apply(self, args);\n  function _next(value) {\n    asyncGeneratorStep(gen, resolve, reject, _next, _throw, \"next\", value);\n  }\n  function _throw(err) {\n    asyncGeneratorStep(gen, resolve, reject, _next, _throw, \"throw\", err);\n  }\n  _next(undefined);\n});",
              "err": {},
              "uuid": "e6483d85-f10b-4e45-bc08-ce87f0566815",
              "parentUUID": "6ec17d98-b337-4cbb-b58d-7e46309b0843",
              "isHook": false,
              "skipped": false
            },
            {
              "title": "Validate data type of the GET/version response",
              "fullTitle": "Triangle Calculator GET/version endpoint test Validate data type of the GET/version response",
              "timedOut": false,
              "duration": 113,
              "state": "passed",
              "speed": "slow",
              "pass": true,
              "fail": false,
              "pending": false,
              "context": null,
              "code": "var self = this,\n    args = arguments;\nreturn new Promise(function (resolve, reject) {\n  var gen = fn.apply(self, args);\n  function _next(value) {\n    asyncGeneratorStep(gen, resolve, reject, _next, _throw, \"next\", value);\n  }\n  function _throw(err) {\n    asyncGeneratorStep(gen, resolve, reject, _next, _throw, \"throw\", err);\n  }\n  _next(undefined);\n});",
              "err": {},
              "uuid": "33b83884-5ae1-437c-a063-f23f3364518b",
              "parentUUID": "6ec17d98-b337-4cbb-b58d-7e46309b0843",
              "isHook": false,
              "skipped": false
            },
            {
              "title": "Validate response type of the GET/version endpoint",
              "fullTitle": "Triangle Calculator GET/version endpoint test Validate response type of the GET/version endpoint",
              "timedOut": false,
              "duration": 123,
              "state": "failed",
              "speed": null,
              "pass": false,
              "fail": true,
              "pending": false,
              "context": null,
              "code": "var self = this,\n    args = arguments;\nreturn new Promise(function (resolve, reject) {\n  var gen = fn.apply(self, args);\n  function _next(value) {\n    asyncGeneratorStep(gen, resolve, reject, _next, _throw, \"next\", value);\n  }\n  function _throw(err) {\n    asyncGeneratorStep(gen, resolve, reject, _next, _throw, \"throw\", err);\n  }\n  _next(undefined);\n});",
              "err": {
                "message": "AssertionError: expected 'application/json' to equal 'text/html'",
                "estack": "AssertionError: expected 'application/json' to equal 'text/html'\n    at _callee4$ (test/version.test.js:25:32)\n    at tryCatch (node_modules/@babel/runtime/helpers/regeneratorRuntime.js:86:17)\n    at Generator._invoke (node_modules/@babel/runtime/helpers/regeneratorRuntime.js:66:24)\n    at Generator.next (node_modules/@babel/runtime/helpers/regeneratorRuntime.js:117:21)\n    at asyncGeneratorStep (node_modules/@babel/runtime/helpers/asyncToGenerator.js:3:24)\n    at _next (node_modules/@babel/runtime/helpers/asyncToGenerator.js:25:9)\n    at processTicksAndRejections (node:internal/process/task_queues:96:5)",
                "diff": "- application/json\n+ text/html\n"
              },
              "uuid": "f6fe27a7-dea6-4806-991e-a4ad4c1528dc",
              "parentUUID": "6ec17d98-b337-4cbb-b58d-7e46309b0843",
              "isHook": false,
              "skipped": false
            },
            {
              "title": "Validate version endpoint response using POST method",
              "fullTitle": "Triangle Calculator GET/version endpoint test Validate version endpoint response using POST method",
              "timedOut": false,
              "duration": 111,
              "state": "passed",
              "speed": "slow",
              "pass": true,
              "fail": false,
              "pending": false,
              "context": null,
              "code": "var self = this,\n    args = arguments;\nreturn new Promise(function (resolve, reject) {\n  var gen = fn.apply(self, args);\n  function _next(value) {\n    asyncGeneratorStep(gen, resolve, reject, _next, _throw, \"next\", value);\n  }\n  function _throw(err) {\n    asyncGeneratorStep(gen, resolve, reject, _next, _throw, \"throw\", err);\n  }\n  _next(undefined);\n});",
              "err": {},
              "uuid": "cf77ef40-85dd-4d33-829c-5f78c9c2a177",
              "parentUUID": "6ec17d98-b337-4cbb-b58d-7e46309b0843",
              "isHook": false,
              "skipped": false
            },
            {
              "title": "Validate version endpoint response without defining the URN",
              "fullTitle": "Triangle Calculator GET/version endpoint test Validate version endpoint response without defining the URN",
              "timedOut": false,
              "duration": 105,
              "state": "passed",
              "speed": "slow",
              "pass": true,
              "fail": false,
              "pending": false,
              "context": null,
              "code": "var self = this,\n    args = arguments;\nreturn new Promise(function (resolve, reject) {\n  var gen = fn.apply(self, args);\n  function _next(value) {\n    asyncGeneratorStep(gen, resolve, reject, _next, _throw, \"next\", value);\n  }\n  function _throw(err) {\n    asyncGeneratorStep(gen, resolve, reject, _next, _throw, \"throw\", err);\n  }\n  _next(undefined);\n});",
              "err": {},
              "uuid": "a32de493-d22d-4b89-b34a-a6b4cf55a53e",
              "parentUUID": "6ec17d98-b337-4cbb-b58d-7e46309b0843",
              "isHook": false,
              "skipped": false
            }
          ],
          "suites": [],
          "passes": [
            "e6483d85-f10b-4e45-bc08-ce87f0566815",
            "33b83884-5ae1-437c-a063-f23f3364518b",
            "cf77ef40-85dd-4d33-829c-5f78c9c2a177",
            "a32de493-d22d-4b89-b34a-a6b4cf55a53e"
          ],
          "failures": [
            "7b867115-951a-4fbc-8acf-6cd782451ee7",
            "f6fe27a7-dea6-4806-991e-a4ad4c1528dc"
          ],
          "pending": [],
          "skipped": [],
          "duration": 692,
          "root": false,
          "rootEmpty": false,
          "_timeout": 5000
        }
      ],
      "passes": [],
      "failures": [],
      "pending": [],
      "skipped": [],
      "duration": 0,
      "root": true,
      "rootEmpty": true,
      "_timeout": 5000
    }
  ],
  "meta": {
    "mocha": {
      "version": "10.0.0"
    },
    "mochawesome": {
      "options": {
        "quiet": false,
        "reportFilename": "mochawesome",
        "saveHtml": true,
        "saveJson": true,
        "consoleReporter": "spec",
        "useInlineDiffs": false,
        "code": true
      },
      "version": "7.1.3"
    },
    "marge": {
      "options": null,
      "version": "6.2.0"
    }
  }
}